2020-02-18 00:33:45,637 INFO: 当前是V3版本
2020-02-18 00:33:46,946 INFO: 登录成功
2020-02-18 00:33:47,117 INFO: 登录账号名称献涛勇
2020-02-18 00:33:50,174 INFO: 清空购物车
2020-02-18 00:33:50,582 INFO: 3835495  已成功加入购物车
2020-02-18 00:33:50,582 INFO: 第1次 
2020-02-18 00:33:50,783 INFO: 检测[0]个口罩有货，[0]个口罩无货，[0]个口罩下柜，耗时[200]ms
2020-02-18 00:33:50,983 INFO: 第2次 
2020-02-18 00:33:51,115 INFO: 检测[0]个口罩有货，[0]个口罩无货，[0]个口罩下柜，耗时[132]ms
2020-02-18 00:33:51,316 INFO: 第3次 
2020-02-18 00:33:51,463 INFO: 检测[0]个口罩有货，[0]个口罩无货，[0]个口罩下柜，耗时[147]ms
2020-02-18 00:33:51,665 INFO: 第4次 
2020-02-18 00:33:51,813 INFO: 检测[0]个口罩有货，[0]个口罩无货，[0]个口罩下柜，耗时[147]ms
2020-02-18 00:33:51,914 INFO: 第5次 
2020-02-18 00:33:52,035 INFO: 检测[0]个口罩有货，[0]个口罩无货，[0]个口罩下柜，耗时[121]ms
2020-02-18 00:33:52,335 INFO: 第6次 
2020-02-18 00:33:52,474 INFO: 检测[0]个口罩有货，[0]个口罩无货，[0]个口罩下柜，耗时[139]ms
2020-02-18 00:33:52,776 INFO: 第7次 
2020-02-18 00:33:52,904 INFO: 检测[0]个口罩有货，[0]个口罩无货，[0]个口罩下柜，耗时[128]ms
2020-02-18 00:33:53,105 INFO: 第8次 
2020-02-18 00:33:53,247 INFO: 检测[0]个口罩有货，[0]个口罩无货，[0]个口罩下柜，耗时[142]ms
2020-02-18 00:33:53,548 INFO: 第9次 
2020-02-18 00:33:53,676 INFO: 检测[0]个口罩有货，[0]个口罩无货，[0]个口罩下柜，耗时[128]ms
2020-02-18 00:33:53,877 INFO: 第10次 
2020-02-18 00:33:54,023 INFO: 检测[0]个口罩有货，[0]个口罩无货，[0]个口罩下柜，耗时[146]ms
2020-02-18 00:33:54,324 INFO: 第11次 
2020-02-18 00:33:54,560 INFO: 检测[0]个口罩有货，[0]个口罩无货，[0]个口罩下柜，耗时[236]ms
2020-02-18 00:33:54,661 INFO: 第12次 
2020-02-18 00:33:54,996 INFO: 检测[0]个口罩有货，[0]个口罩无货，[0]个口罩下柜，耗时[335]ms
2020-02-18 00:33:55,297 INFO: 第13次 
2020-02-18 00:33:55,568 INFO: 检测[0]个口罩有货，[0]个口罩无货，[0]个口罩下柜，耗时[271]ms
2020-02-18 00:33:55,669 INFO: 第14次 
2020-02-18 00:33:55,795 INFO: 检测[0]个口罩有货，[0]个口罩无货，[0]个口罩下柜，耗时[126]ms
2020-02-18 00:33:56,096 INFO: 第15次 
2020-02-18 00:33:56,217 INFO: 检测[0]个口罩有货，[0]个口罩无货，[0]个口罩下柜，耗时[121]ms
2020-02-18 00:33:56,518 INFO: 第16次 
2020-02-18 00:33:56,638 INFO: 检测[0]个口罩有货，[0]个口罩无货，[0]个口罩下柜，耗时[120]ms
2020-02-18 00:33:56,739 INFO: 第17次 
2020-02-18 00:33:56,874 INFO: 检测[0]个口罩有货，[0]个口罩无货，[0]个口罩下柜，耗时[135]ms
2020-02-18 00:33:56,974 INFO: 第18次 
2020-02-18 00:33:57,099 INFO: 检测[0]个口罩有货，[0]个口罩无货，[0]个口罩下柜，耗时[125]ms
2020-02-18 00:33:57,400 INFO: 第19次 
2020-02-18 00:33:57,542 INFO: 检测[0]个口罩有货，[0]个口罩无货，[0]个口罩下柜，耗时[142]ms
2020-02-18 00:33:57,843 INFO: 第20次 
2020-02-18 00:33:57,980 INFO: 检测[0]个口罩有货，[0]个口罩无货，[0]个口罩下柜，耗时[137]ms
2020-02-18 00:33:58,180 INFO: 第21次 
2020-02-18 00:33:58,323 INFO: 检测[0]个口罩有货，[0]个口罩无货，[0]个口罩下柜，耗时[143]ms
2020-02-18 00:33:58,425 INFO: 第22次 
2020-02-18 00:33:58,573 INFO: 检测[0]个口罩有货，[0]个口罩无货，[0]个口罩下柜，耗时[148]ms
2020-02-18 00:33:58,874 INFO: 第23次 
2020-02-18 00:33:59,026 INFO: 检测[0]个口罩有货，[0]个口罩无货，[0]个口罩下柜，耗时[152]ms
2020-02-18 00:33:59,126 INFO: 第24次 
2020-02-18 00:34:49,366 INFO: 当前是V3版本
2020-02-18 00:34:50,736 INFO: 登录成功
2020-02-18 00:34:50,887 INFO: 登录账号名称献涛勇
2020-02-18 00:34:51,258 INFO: 清空购物车
2020-02-18 00:34:51,616 INFO: 3835495  已成功加入购物车
2020-02-18 00:34:51,617 INFO: 第1次 
2020-02-18 00:34:51,782 INFO: 检测[0]个口罩有货，[0]个口罩无货，[0]个口罩下柜，耗时[158]ms
2020-02-18 00:34:52,084 INFO: 第2次 
2020-02-18 00:34:52,230 INFO: 检测[0]个口罩有货，[0]个口罩无货，[0]个口罩下柜，耗时[146]ms
2020-02-18 00:34:52,531 INFO: 第3次 
2020-02-18 00:34:52,675 INFO: 检测[0]个口罩有货，[0]个口罩无货，[0]个口罩下柜，耗时[144]ms
2020-02-18 00:34:52,875 INFO: 第4次 
2020-02-18 00:34:53,005 INFO: 检测[0]个口罩有货，[0]个口罩无货，[0]个口罩下柜，耗时[130]ms
2020-02-18 00:34:53,307 INFO: 第5次 
2020-02-18 00:34:53,442 INFO: 检测[0]个口罩有货，[0]个口罩无货，[0]个口罩下柜，耗时[135]ms
2020-02-18 00:34:53,643 INFO: 第6次 
2020-02-18 00:34:53,778 INFO: 检测[0]个口罩有货，[0]个口罩无货，[0]个口罩下柜，耗时[135]ms
2020-02-18 00:34:53,880 INFO: 第7次 
2020-02-18 00:34:54,013 INFO: 检测[0]个口罩有货，[0]个口罩无货，[0]个口罩下柜，耗时[133]ms
2020-02-18 00:34:54,116 INFO: 第8次 
2020-02-18 00:34:54,247 INFO: 检测[0]个口罩有货，[0]个口罩无货，[0]个口罩下柜，耗时[131]ms
2020-02-18 00:34:54,548 INFO: 第9次 
2020-02-18 00:34:54,953 INFO: 检测[0]个口罩有货，[0]个口罩无货，[0]个口罩下柜，耗时[405]ms
2020-02-18 00:34:55,154 INFO: 第10次 
2020-02-18 00:34:55,314 INFO: 检测[0]个口罩有货，[0]个口罩无货，[0]个口罩下柜，耗时[160]ms
2020-02-18 00:34:55,616 INFO: 第11次 
2020-02-18 00:34:55,846 INFO: 检测[0]个口罩有货，[0]个口罩无货，[0]个口罩下柜，耗时[230]ms
2020-02-18 00:34:56,046 INFO: 第12次 
2020-02-18 00:34:56,174 INFO: 检测[0]个口罩有货，[0]个口罩无货，[0]个口罩下柜，耗时[127]ms
2020-02-18 00:34:56,276 INFO: 第13次 
2020-02-18 00:34:56,424 INFO: 检测[0]个口罩有货，[0]个口罩无货，[0]个口罩下柜，耗时[145]ms
2020-02-18 00:34:56,625 INFO: 第14次 
2020-02-18 00:34:56,750 INFO: 检测[0]个口罩有货，[0]个口罩无货，[0]个口罩下柜，耗时[125]ms
2020-02-18 00:34:56,951 INFO: 第15次 
2020-02-18 00:34:57,095 INFO: 检测[0]个口罩有货，[0]个口罩无货，[0]个口罩下柜，耗时[144]ms
2020-02-18 00:34:57,295 INFO: 第16次 
2020-02-18 00:34:57,459 INFO: 检测[0]个口罩有货，[0]个口罩无货，[0]个口罩下柜，耗时[164]ms
2020-02-18 00:34:57,560 INFO: 第17次 
2020-02-18 00:34:57,686 INFO: 检测[0]个口罩有货，[0]个口罩无货，[0]个口罩下柜，耗时[125]ms
2020-02-18 00:34:57,787 INFO: 第18次 
2020-02-18 00:34:57,925 INFO: 检测[0]个口罩有货，[0]个口罩无货，[0]个口罩下柜，耗时[138]ms
2020-02-18 00:34:58,126 INFO: 第19次 
2020-02-18 00:34:58,253 INFO: 检测[0]个口罩有货，[0]个口罩无货，[0]个口罩下柜，耗时[127]ms
2020-02-18 00:34:58,355 INFO: 第20次 
2020-02-18 00:34:58,521 INFO: 检测[0]个口罩有货，[0]个口罩无货，[0]个口罩下柜，耗时[165]ms
2020-02-18 00:34:58,622 INFO: 第21次 
2020-02-18 00:34:58,766 INFO: 检测[0]个口罩有货，[0]个口罩无货，[0]个口罩下柜，耗时[144]ms
2020-02-18 00:34:58,867 INFO: 第22次 
2020-02-18 00:34:58,997 INFO: 检测[0]个口罩有货，[0]个口罩无货，[0]个口罩下柜，耗时[130]ms
2020-02-18 00:34:59,299 INFO: 第23次 
2020-02-18 00:34:59,433 INFO: 检测[0]个口罩有货，[0]个口罩无货，[0]个口罩下柜，耗时[134]ms
2020-02-18 00:34:59,535 INFO: 第24次 
2020-02-18 00:34:59,667 INFO: 检测[0]个口罩有货，[0]个口罩无货，[0]个口罩下柜，耗时[132]ms
2020-02-18 00:34:59,768 INFO: 第25次 
2020-02-18 00:34:59,905 INFO: 检测[0]个口罩有货，[0]个口罩无货，[0]个口罩下柜，耗时[136]ms
2020-02-18 00:35:00,206 INFO: 第26次 
2020-02-18 00:35:00,337 INFO: 检测[0]个口罩有货，[0]个口罩无货，[0]个口罩下柜，耗时[131]ms
2020-02-18 00:35:00,538 INFO: 第27次 
2020-02-18 00:35:00,658 INFO: 检测[0]个口罩有货，[0]个口罩无货，[0]个口罩下柜，耗时[120]ms
2020-02-18 00:35:00,859 INFO: 第28次 
2020-02-18 00:35:00,995 INFO: 检测[0]个口罩有货，[0]个口罩无货，[0]个口罩下柜，耗时[136]ms
2020-02-18 00:35:01,197 INFO: 第29次 
2020-02-18 00:35:01,332 INFO: 检测[0]个口罩有货，[0]个口罩无货，[0]个口罩下柜，耗时[134]ms
2020-02-18 00:35:01,533 INFO: 第30次 
2020-02-18 00:35:01,683 INFO: 检测[0]个口罩有货，[0]个口罩无货，[0]个口罩下柜，耗时[150]ms
2020-02-18 00:35:01,884 INFO: 第31次 
2020-02-18 00:35:02,010 INFO: 检测[0]个口罩有货，[0]个口罩无货，[0]个口罩下柜，耗时[124]ms
2020-02-18 00:35:02,110 INFO: 第32次 
2020-02-18 00:35:02,242 INFO: 检测[0]个口罩有货，[0]个口罩无货，[0]个口罩下柜，耗时[132]ms
2020-02-18 00:35:02,544 INFO: 第33次 
2020-02-18 00:35:02,679 INFO: 检测[0]个口罩有货，[0]个口罩无货，[0]个口罩下柜，耗时[135]ms
2020-02-18 00:35:02,879 INFO: 第34次 
2020-02-18 00:35:03,007 INFO: 检测[0]个口罩有货，[0]个口罩无货，[0]个口罩下柜，耗时[128]ms
2020-02-18 00:35:03,207 INFO: 第35次 
2020-02-18 00:35:03,334 INFO: 检测[0]个口罩有货，[0]个口罩无货，[0]个口罩下柜，耗时[127]ms
2020-02-18 00:35:03,535 INFO: 第36次 
2020-02-18 00:35:03,662 INFO: 检测[0]个口罩有货，[0]个口罩无货，[0]个口罩下柜，耗时[127]ms
2020-02-18 00:35:03,763 INFO: 第37次 
2020-02-18 00:35:03,889 INFO: 检测[0]个口罩有货，[0]个口罩无货，[0]个口罩下柜，耗时[126]ms
2020-02-18 00:35:03,990 INFO: 第38次 
2020-02-18 00:35:04,137 INFO: 检测[0]个口罩有货，[0]个口罩无货，[0]个口罩下柜，耗时[147]ms
2020-02-18 00:35:04,438 INFO: 第39次 
2020-02-18 00:35:04,780 INFO: 检测[0]个口罩有货，[0]个口罩无货，[0]个口罩下柜，耗时[342]ms
2020-02-18 00:35:04,981 INFO: 第40次 
2020-02-18 00:35:05,165 INFO: 检测[0]个口罩有货，[0]个口罩无货，[0]个口罩下柜，耗时[184]ms
2020-02-18 00:35:05,467 INFO: 第41次 
2020-02-18 00:35:05,601 INFO: 检测[0]个口罩有货，[0]个口罩无货，[0]个口罩下柜，耗时[134]ms
2020-02-18 00:35:05,801 INFO: 第42次 
2020-02-18 00:35:05,933 INFO: 检测[0]个口罩有货，[0]个口罩无货，[0]个口罩下柜，耗时[132]ms
2020-02-18 00:35:06,235 INFO: 第43次 
2020-02-18 00:35:06,361 INFO: 检测[0]个口罩有货，[0]个口罩无货，[0]个口罩下柜，耗时[126]ms
2020-02-18 00:35:06,562 INFO: 第44次 
2020-02-18 00:35:06,686 INFO: 检测[0]个口罩有货，[0]个口罩无货，[0]个口罩下柜，耗时[124]ms
2020-02-18 00:35:06,986 INFO: 第45次 
2020-02-18 00:35:07,194 INFO: 检测[0]个口罩有货，[0]个口罩无货，[0]个口罩下柜，耗时[207]ms
2020-02-18 00:35:07,497 INFO: 第46次 
2020-02-18 00:35:07,621 INFO: 检测[0]个口罩有货，[0]个口罩无货，[0]个口罩下柜，耗时[123]ms
2020-02-18 00:35:07,721 INFO: 第47次 
2020-02-18 00:35:07,839 INFO: 检测[0]个口罩有货，[0]个口罩无货，[0]个口罩下柜，耗时[118]ms
2020-02-18 00:35:08,041 INFO: 第48次 
2020-02-18 00:35:08,172 INFO: 检测[0]个口罩有货，[0]个口罩无货，[0]个口罩下柜，耗时[131]ms
2020-02-18 00:35:08,274 INFO: 第49次 
2020-02-18 00:35:08,409 INFO: 检测[0]个口罩有货，[0]个口罩无货，[0]个口罩下柜，耗时[135]ms
2020-02-18 00:35:08,612 INFO: 第50次 
2020-02-18 00:35:08,734 INFO: 检测[0]个口罩有货，[0]个口罩无货，[0]个口罩下柜，耗时[122]ms
2020-02-18 00:35:08,835 INFO: 第51次 
2020-02-18 00:35:08,960 INFO: 检测[0]个口罩有货，[0]个口罩无货，[0]个口罩下柜，耗时[125]ms
2020-02-18 00:35:09,161 INFO: 第52次 
2020-02-18 00:35:09,294 INFO: 检测[0]个口罩有货，[0]个口罩无货，[0]个口罩下柜，耗时[133]ms
2020-02-18 00:35:09,395 INFO: 第53次 
2020-02-18 00:35:09,528 INFO: 检测[0]个口罩有货，[0]个口罩无货，[0]个口罩下柜，耗时[133]ms
2020-02-18 00:35:09,829 INFO: 第54次 
2020-02-18 00:35:09,957 INFO: 检测[0]个口罩有货，[0]个口罩无货，[0]个口罩下柜，耗时[128]ms
2020-02-18 00:35:10,157 INFO: 第55次 
2020-02-18 00:35:10,287 INFO: 检测[0]个口罩有货，[0]个口罩无货，[0]个口罩下柜，耗时[130]ms
2020-02-18 00:36:39,221 INFO: 当前是V3版本
2020-02-18 00:36:40,787 INFO: 登录成功
2020-02-18 00:36:40,952 INFO: 登录账号名称献涛勇
2020-02-18 00:36:41,305 INFO: 清空购物车
2020-02-18 00:36:41,663 INFO: 3738205  已成功加入购物车
2020-02-18 00:36:41,663 INFO: 第1次 
2020-02-18 00:36:41,842 INFO: 检测[1]个口罩有货，[0]个口罩无货，[0]个口罩下柜，耗时[175]ms
2020-02-18 00:36:41,843 INFO: [3738205]类型口罩有货啦!马上下单
2020-02-18 00:36:42,780 INFO: 下单信息：{'address': '河南 商丘市 宁陵县 石桥镇  M茶(中国邮政储蓄银行隔壁)', 'receiver': '李藤 186****3715', 'total_price': '14.80', 'items': []}
2020-02-18 00:36:42,782 INFO: 第[1/3]次尝试提交订单
2020-02-18 00:36:42,995 INFO: 本次提交订单耗时[1152]毫秒
2020-02-18 00:36:42,996 INFO: 订单提交失败, 错误码：60123, 返回信息：请输入支付密码！(需要在payment_pwd参数配置支付密码)
2020-02-18 00:36:43,001 INFO: {'reqInfo': None, 'hasJxj': False, 'addedServiceList': None, 'overSea': False, 'orderXml': None, 'cartXml': None, 'noStockSkuIds': '', 'sign': None, 'pin': '754634469_m', 'needCheckCode': False, 'success': False, 'resultCode': 60123, 'orderId': 0, 'submitSkuNum': 0, 'deductMoneyFlag': 0, 'goJumpOrderCenter': False, 'payInfo': None, 'scaleSkuInfoListVO': None, 'purchaseSkuInfoListVO': None, 'noSupportHomeServiceSkuList': None, 'msgMobile': None, 'addressVO': None, 'msgUuid': None, 'message': '请输入支付密码！'}
2020-02-18 00:36:46,404 INFO: 第2次 
2020-02-18 00:36:46,569 INFO: 检测[1]个口罩有货，[0]个口罩无货，[0]个口罩下柜，耗时[165]ms
2020-02-18 00:36:46,570 INFO: [3738205]类型口罩有货啦!马上下单
2020-02-18 00:36:47,581 INFO: 下单信息：{'address': '河南 商丘市 宁陵县 石桥镇  M茶(中国邮政储蓄银行隔壁)', 'receiver': '李藤 186****3715', 'total_price': '14.80', 'items': []}
2020-02-18 00:36:47,582 INFO: 第[1/3]次尝试提交订单
2020-02-18 00:36:47,733 INFO: 本次提交订单耗时[1163]毫秒
2020-02-18 00:36:47,734 INFO: 订单提交失败, 错误码：60017, 返回信息：您多次提交过快，请稍后再试
2020-02-18 00:36:47,736 INFO: {'orderXml': None, 'cartXml': None, 'noStockSkuIds': '', 'reqInfo': None, 'hasJxj': False, 'addedServiceList': None, 'overSea': False, 'sign': None, 'pin': '754634469_m', 'needCheckCode': False, 'success': False, 'resultCode': 60017, 'orderId': 0, 'submitSkuNum': 0, 'deductMoneyFlag': 0, 'goJumpOrderCenter': False, 'payInfo': None, 'scaleSkuInfoListVO': None, 'purchaseSkuInfoListVO': None, 'noSupportHomeServiceSkuList': None, 'msgMobile': None, 'addressVO': None, 'msgUuid': None, 'message': '您多次提交过快，请稍后再试'}
2020-02-18 00:36:48,955 INFO: 第3次 
2020-02-18 00:36:49,101 INFO: 检测[1]个口罩有货，[0]个口罩无货，[0]个口罩下柜，耗时[146]ms
2020-02-18 00:36:49,102 INFO: [3738205]类型口罩有货啦!马上下单
2020-02-18 00:36:50,164 INFO: 下单信息：{'address': '河南 商丘市 宁陵县 石桥镇  M茶(中国邮政储蓄银行隔壁)', 'receiver': '李藤 186****3715', 'total_price': '14.80', 'items': []}
2020-02-18 00:36:50,166 INFO: 第[1/3]次尝试提交订单
2020-02-18 00:36:50,389 INFO: 本次提交订单耗时[1287]毫秒
2020-02-18 00:36:50,390 INFO: 订单提交失败, 错误码：60123, 返回信息：请输入支付密码！(需要在payment_pwd参数配置支付密码)
2020-02-18 00:36:50,396 INFO: {'overSea': False, 'orderXml': None, 'cartXml': None, 'noStockSkuIds': '', 'reqInfo': None, 'hasJxj': False, 'addedServiceList': None, 'sign': None, 'pin': '754634469_m', 'needCheckCode': False, 'success': False, 'resultCode': 60123, 'orderId': 0, 'submitSkuNum': 0, 'deductMoneyFlag': 0, 'goJumpOrderCenter': False, 'payInfo': None, 'scaleSkuInfoListVO': None, 'purchaseSkuInfoListVO': None, 'noSupportHomeServiceSkuList': None, 'msgMobile': None, 'addressVO': None, 'msgUuid': None, 'message': '请输入支付密码！'}
2020-02-18 00:36:51,507 INFO: 第4次 
2020-02-18 00:36:51,654 INFO: 检测[1]个口罩有货，[0]个口罩无货，[0]个口罩下柜，耗时[147]ms
2020-02-18 00:36:51,654 INFO: [3738205]类型口罩有货啦!马上下单
2020-02-18 00:36:52,491 INFO: 下单信息：{'address': '河南 商丘市 宁陵县 石桥镇  M茶(中国邮政储蓄银行隔壁)', 'receiver': '李藤 186****3715', 'total_price': '14.80', 'items': []}
2020-02-18 00:36:52,492 INFO: 第[1/3]次尝试提交订单
2020-02-18 00:36:52,638 INFO: 本次提交订单耗时[984]毫秒
2020-02-18 00:36:52,639 INFO: 订单提交失败, 错误码：60017, 返回信息：您多次提交过快，请稍后再试
2020-02-18 00:36:52,652 INFO: {'noStockSkuIds': '', 'reqInfo': None, 'hasJxj': False, 'addedServiceList': None, 'overSea': False, 'orderXml': None, 'cartXml': None, 'sign': None, 'pin': '754634469_m', 'needCheckCode': False, 'success': False, 'resultCode': 60017, 'orderId': 0, 'submitSkuNum': 0, 'deductMoneyFlag': 0, 'goJumpOrderCenter': False, 'payInfo': None, 'scaleSkuInfoListVO': None, 'purchaseSkuInfoListVO': None, 'noSupportHomeServiceSkuList': None, 'msgMobile': None, 'addressVO': None, 'msgUuid': None, 'message': '您多次提交过快，请稍后再试'}
2020-02-18 00:36:53,734 INFO: 第5次 
2020-02-18 00:36:53,882 INFO: 检测[1]个口罩有货，[0]个口罩无货，[0]个口罩下柜，耗时[147]ms
2020-02-18 00:36:53,883 INFO: [3738205]类型口罩有货啦!马上下单
2020-02-18 00:36:54,710 INFO: 下单信息：{'address': '河南 商丘市 宁陵县 石桥镇  M茶(中国邮政储蓄银行隔壁)', 'receiver': '李藤 186****3715', 'total_price': '14.80', 'items': []}
2020-02-18 00:36:54,711 INFO: 第[1/3]次尝试提交订单
2020-02-18 00:38:21,448 INFO: 当前是V3版本
2020-02-18 00:38:23,213 INFO: 登录成功
2020-02-18 00:38:23,378 INFO: 登录账号名称献涛勇
2020-02-18 00:38:23,693 INFO: 清空购物车
2020-02-18 00:38:24,045 INFO: 3738205  已成功加入购物车
2020-02-18 00:38:24,046 INFO: 第1次 
2020-02-18 00:38:24,203 INFO: 检测[1]个口罩有货，[0]个口罩无货，[0]个口罩下柜，耗时[153]ms
2020-02-18 00:38:24,203 INFO: [3738205]类型口罩有货啦!马上下单
2020-02-18 00:38:25,463 INFO: 下单信息：{'address': '河南 商丘市 宁陵县 石桥镇  M茶(中国邮政储蓄银行隔壁)', 'receiver': '李藤 186****3715', 'total_price': '14.80', 'items': []}
2020-02-18 00:38:25,464 INFO: 第[1/3]次尝试提交订单
2020-02-18 00:38:25,625 INFO: 本次提交订单耗时[1422]毫秒
2020-02-18 00:38:25,626 INFO: 订单提交成功! 订单号：112409424588
2020-02-19 15:57:07,961 INFO: 当前是V3版本
2020-02-19 15:57:09,182 INFO: 登录成功
2020-02-19 15:57:09,336 INFO: 登录账号名称献涛勇
2020-02-19 15:57:09,664 INFO: 清空购物车
2020-02-19 15:57:10,196 INFO: 5008240  已成功加入购物车
2020-02-19 15:57:10,198 INFO: 第1次 
2020-02-19 15:57:10,331 INFO: 检测[0]个口罩有货，[1]个口罩无货，[0]个口罩下柜，耗时[126]ms
2020-02-19 15:57:10,633 INFO: 第2次 
2020-02-19 15:57:11,232 INFO: 检测[0]个口罩有货，[1]个口罩无货，[0]个口罩下柜，耗时[598]ms
2020-02-19 15:57:11,535 INFO: 第3次 
2020-02-19 15:57:12,076 INFO: 检测[0]个口罩有货，[1]个口罩无货，[0]个口罩下柜，耗时[539]ms
2020-02-19 15:57:12,279 INFO: 第4次 
2020-02-19 15:57:12,618 INFO: 检测[0]个口罩有货，[1]个口罩无货，[0]个口罩下柜，耗时[338]ms
2020-02-19 15:57:12,920 INFO: 第5次 
2020-02-19 15:57:13,161 INFO: 检测[0]个口罩有货，[1]个口罩无货，[0]个口罩下柜，耗时[239]ms
2020-02-19 15:57:13,363 INFO: 第6次 
2020-02-19 15:57:14,275 INFO: 检测[0]个口罩有货，[1]个口罩无货，[0]个口罩下柜，耗时[911]ms
2020-02-19 15:57:14,378 INFO: 第7次 
2020-02-19 15:57:14,936 INFO: 检测[0]个口罩有货，[1]个口罩无货，[0]个口罩下柜，耗时[557]ms
2020-02-19 15:57:15,139 INFO: 第8次 
2020-02-19 15:57:15,297 INFO: 检测[0]个口罩有货，[1]个口罩无货，[0]个口罩下柜，耗时[157]ms
2020-02-19 15:57:15,603 INFO: 第9次 
2020-02-19 15:58:10,532 INFO: 当前是V3版本
2020-02-19 15:58:11,361 INFO: 登录成功
2020-02-19 15:58:11,731 INFO: 登录账号名称献涛勇
2020-02-19 15:58:12,541 INFO: 清空购物车
2020-02-19 15:58:13,273 INFO: 5008240  已成功加入购物车
2020-02-19 15:58:13,275 INFO: 第1次 
2020-02-19 15:58:13,553 INFO: 检测[0]个口罩有货，[1]个口罩无货，[0]个口罩下柜，耗时[269]ms
2020-02-19 15:58:13,655 INFO: 第2次 
2020-02-19 15:58:13,858 INFO: 检测[0]个口罩有货，[1]个口罩无货，[0]个口罩下柜，耗时[202]ms
2020-02-19 15:58:14,159 INFO: 第3次 
2020-02-19 15:59:24,398 INFO: 当前是V3版本
2020-02-19 15:59:25,176 INFO: 登录成功
2020-02-19 15:59:25,497 INFO: 登录账号名称献涛勇
2020-02-19 15:59:26,296 INFO: 清空购物车
2020-02-19 15:59:27,027 INFO: 5008240  已成功加入购物车
2020-02-19 15:59:27,028 INFO: 第1次 
2020-02-19 15:59:27,363 INFO: 检测[0]个口罩有货，[1]个口罩无货，[0]个口罩下柜，耗时[327]ms
2020-02-19 15:59:27,466 INFO: 第2次 
2020-02-19 15:59:27,708 INFO: 检测[0]个口罩有货，[1]个口罩无货，[0]个口罩下柜，耗时[241]ms
2020-02-19 15:59:27,911 INFO: 第3次 
2020-02-19 15:59:28,202 INFO: 检测[0]个口罩有货，[1]个口罩无货，[0]个口罩下柜，耗时[290]ms
2020-02-19 15:59:28,304 INFO: 第4次 
2020-02-19 15:59:28,569 INFO: 检测[0]个口罩有货，[1]个口罩无货，[0]个口罩下柜，耗时[264]ms
2020-02-19 15:59:28,871 INFO: 第5次 
2020-02-19 15:59:29,128 INFO: 检测[0]个口罩有货，[1]个口罩无货，[0]个口罩下柜，耗时[256]ms
2020-02-19 15:59:29,329 INFO: 第6次 
2020-02-19 15:59:29,591 INFO: 检测[0]个口罩有货，[1]个口罩无货，[0]个口罩下柜，耗时[260]ms
2020-02-19 15:59:29,894 INFO: 第7次 
2020-02-19 15:59:30,166 INFO: 检测[0]个口罩有货，[1]个口罩无货，[0]个口罩下柜，耗时[271]ms
2020-02-19 15:59:30,269 INFO: 第8次 
2020-02-19 15:59:30,488 INFO: 检测[0]个口罩有货，[1]个口罩无货，[0]个口罩下柜，耗时[218]ms
2020-02-19 15:59:30,690 INFO: 第9次 
2020-02-19 15:59:30,908 INFO: 检测[0]个口罩有货，[1]个口罩无货，[0]个口罩下柜，耗时[217]ms
2020-02-19 15:59:31,211 INFO: 第10次 
2020-02-19 15:59:31,442 INFO: 检测[0]个口罩有货，[1]个口罩无货，[0]个口罩下柜，耗时[229]ms
2020-02-19 15:59:31,745 INFO: 第11次 
2020-02-19 15:59:31,966 INFO: 检测[0]个口罩有货，[1]个口罩无货，[0]个口罩下柜，耗时[220]ms
2020-02-19 15:59:32,269 INFO: 第12次 
2020-02-19 15:59:32,498 INFO: 检测[0]个口罩有货，[1]个口罩无货，[0]个口罩下柜，耗时[228]ms
2020-02-19 15:59:32,600 INFO: 第13次 
2020-02-19 15:59:32,844 INFO: 检测[0]个口罩有货，[1]个口罩无货，[0]个口罩下柜，耗时[243]ms
2020-02-19 15:59:32,946 INFO: 第14次 
2020-02-19 15:59:33,167 INFO: 检测[0]个口罩有货，[1]个口罩无货，[0]个口罩下柜，耗时[220]ms
2020-02-19 15:59:33,369 INFO: 第15次 
2020-02-19 15:59:33,598 INFO: 检测[0]个口罩有货，[1]个口罩无货，[0]个口罩下柜，耗时[228]ms
2020-02-19 15:59:33,800 INFO: 第16次 
2020-02-19 15:59:34,057 INFO: 检测[0]个口罩有货，[1]个口罩无货，[0]个口罩下柜，耗时[256]ms
2020-02-19 15:59:34,359 INFO: 第17次 
2020-02-19 15:59:34,634 INFO: 检测[0]个口罩有货，[1]个口罩无货，[0]个口罩下柜，耗时[274]ms
2020-02-19 15:59:34,937 INFO: 第18次 
2020-02-19 15:59:35,177 INFO: 检测[0]个口罩有货，[1]个口罩无货，[0]个口罩下柜，耗时[238]ms
2020-02-19 15:59:35,480 INFO: 第19次 
2020-02-19 15:59:35,727 INFO: 检测[0]个口罩有货，[1]个口罩无货，[0]个口罩下柜，耗时[246]ms
2020-02-19 15:59:36,029 INFO: 第20次 
2020-02-19 15:59:36,316 INFO: 检测[0]个口罩有货，[1]个口罩无货，[0]个口罩下柜，耗时[286]ms
2020-02-19 15:59:36,518 INFO: 第21次 
2020-02-19 15:59:36,777 INFO: 检测[0]个口罩有货，[1]个口罩无货，[0]个口罩下柜，耗时[258]ms
2020-02-19 15:59:37,079 INFO: 第22次 
2020-02-19 15:59:37,377 INFO: 检测[0]个口罩有货，[1]个口罩无货，[0]个口罩下柜，耗时[296]ms
2020-02-19 15:59:37,680 INFO: 第23次 
2020-02-19 15:59:37,921 INFO: 检测[0]个口罩有货，[1]个口罩无货，[0]个口罩下柜，耗时[240]ms
2020-02-19 15:59:38,223 INFO: 第24次 
2020-02-19 15:59:38,556 INFO: 检测[0]个口罩有货，[1]个口罩无货，[0]个口罩下柜，耗时[332]ms
2020-02-19 15:59:38,659 INFO: 第25次 
2020-02-19 15:59:38,880 INFO: 检测[0]个口罩有货，[1]个口罩无货，[0]个口罩下柜，耗时[220]ms
2020-02-19 15:59:39,183 INFO: 第26次 
2020-02-19 15:59:39,403 INFO: 检测[0]个口罩有货，[1]个口罩无货，[0]个口罩下柜，耗时[218]ms
2020-02-19 15:59:39,506 INFO: 第27次 
2020-02-19 15:59:39,764 INFO: 检测[0]个口罩有货，[1]个口罩无货，[0]个口罩下柜，耗时[256]ms
2020-02-19 15:59:39,966 INFO: 第28次 
2020-02-19 15:59:40,269 INFO: 检测[0]个口罩有货，[1]个口罩无货，[0]个口罩下柜，耗时[302]ms
2020-02-19 15:59:40,370 INFO: 第29次 
2020-02-19 15:59:40,668 INFO: 检测[0]个口罩有货，[1]个口罩无货，[0]个口罩下柜，耗时[297]ms
2020-02-19 15:59:40,771 INFO: 第30次 
2020-02-19 15:59:41,112 INFO: 检测[0]个口罩有货，[1]个口罩无货，[0]个口罩下柜，耗时[340]ms
2020-02-19 15:59:41,415 INFO: 第31次 
2020-02-19 15:59:41,710 INFO: 检测[0]个口罩有货，[1]个口罩无货，[0]个口罩下柜，耗时[294]ms
2020-02-19 15:59:41,912 INFO: 第32次 
2020-02-19 15:59:42,127 INFO: 检测[0]个口罩有货，[1]个口罩无货，[0]个口罩下柜，耗时[214]ms
2020-02-19 15:59:42,329 INFO: 第33次 
2020-02-19 15:59:42,567 INFO: 检测[0]个口罩有货，[1]个口罩无货，[0]个口罩下柜，耗时[236]ms
2020-02-19 15:59:42,669 INFO: 第34次 
2020-02-19 15:59:42,882 INFO: 检测[0]个口罩有货，[1]个口罩无货，[0]个口罩下柜，耗时[212]ms
2020-02-19 15:59:43,084 INFO: 第35次 
2020-02-19 15:59:43,387 INFO: 检测[0]个口罩有货，[1]个口罩无货，[0]个口罩下柜，耗时[301]ms
2020-02-19 15:59:43,490 INFO: 第36次 
2020-02-19 15:59:43,777 INFO: 检测[0]个口罩有货，[1]个口罩无货，[0]个口罩下柜，耗时[286]ms
2020-02-19 15:59:44,078 INFO: 第37次 
2020-02-19 15:59:44,311 INFO: 检测[0]个口罩有货，[1]个口罩无货，[0]个口罩下柜，耗时[232]ms
2020-02-19 15:59:44,512 INFO: 第38次 
2020-02-19 15:59:44,726 INFO: 检测[0]个口罩有货，[1]个口罩无货，[0]个口罩下柜，耗时[213]ms
2020-02-19 15:59:44,928 INFO: 第39次 
2020-02-19 15:59:45,228 INFO: 检测[0]个口罩有货，[1]个口罩无货，[0]个口罩下柜，耗时[298]ms
2020-02-19 15:59:45,531 INFO: 第40次 
2020-02-19 15:59:45,773 INFO: 检测[0]个口罩有货，[1]个口罩无货，[0]个口罩下柜，耗时[241]ms
2020-02-19 15:59:45,975 INFO: 第41次 
2020-02-19 15:59:46,247 INFO: 检测[0]个口罩有货，[1]个口罩无货，[0]个口罩下柜，耗时[271]ms
2020-02-19 15:59:46,349 INFO: 第42次 
2020-02-19 15:59:46,569 INFO: 检测[0]个口罩有货，[1]个口罩无货，[0]个口罩下柜，耗时[219]ms
2020-02-19 15:59:46,672 INFO: 第43次 
2020-02-19 15:59:46,892 INFO: 检测[0]个口罩有货，[1]个口罩无货，[0]个口罩下柜，耗时[220]ms
2020-02-19 15:59:46,996 INFO: 第44次 
2020-02-19 15:59:47,274 INFO: 检测[0]个口罩有货，[1]个口罩无货，[0]个口罩下柜，耗时[278]ms
2020-02-19 15:59:47,376 INFO: 第45次 
2020-02-19 15:59:47,616 INFO: 检测[0]个口罩有货，[1]个口罩无货，[0]个口罩下柜，耗时[238]ms
2020-02-19 15:59:47,719 INFO: 第46次 
2020-02-19 15:59:47,972 INFO: 检测[0]个口罩有货，[1]个口罩无货，[0]个口罩下柜，耗时[252]ms
2020-02-19 15:59:48,173 INFO: 第47次 
2020-02-19 15:59:48,398 INFO: 检测[0]个口罩有货，[1]个口罩无货，[0]个口罩下柜，耗时[224]ms
2020-02-19 15:59:48,500 INFO: 第48次 
2020-02-19 15:59:48,897 INFO: 检测[0]个口罩有货，[1]个口罩无货，[0]个口罩下柜，耗时[396]ms
2020-02-19 15:59:49,098 INFO: 第49次 
2020-02-19 15:59:49,330 INFO: 检测[0]个口罩有货，[1]个口罩无货，[0]个口罩下柜，耗时[230]ms
2020-02-19 15:59:57,549 INFO: 当前是V3版本
2020-02-19 15:59:58,649 INFO: 登录成功
2020-02-19 15:59:58,978 INFO: 登录账号名称献涛勇
2020-02-19 15:59:59,851 INFO: 清空购物车
2020-02-19 16:00:00,647 INFO: 5008240  已成功加入购物车
2020-02-19 16:00:00,649 INFO: 第1次 
2020-02-19 16:00:00,907 INFO: 检测[0]个口罩有货，[1]个口罩无货，[0]个口罩下柜，耗时[242]ms
2020-02-19 16:00:01,109 INFO: 第2次 
2020-02-19 16:00:01,350 INFO: 检测[0]个口罩有货，[1]个口罩无货，[0]个口罩下柜，耗时[239]ms
2020-02-19 16:00:01,651 INFO: 第3次 
2020-02-19 16:00:01,894 INFO: 检测[0]个口罩有货，[1]个口罩无货，[0]个口罩下柜，耗时[242]ms
2020-02-19 16:00:02,096 INFO: 第4次 
2020-02-19 16:00:02,418 INFO: 检测[0]个口罩有货，[1]个口罩无货，[0]个口罩下柜，耗时[321]ms
2020-02-19 16:00:02,521 INFO: 第5次 
2020-02-19 16:00:02,722 INFO: 检测[0]个口罩有货，[1]个口罩无货，[0]个口罩下柜，耗时[199]ms
2020-02-19 16:00:02,824 INFO: 第6次 
2020-02-19 16:00:03,037 INFO: 检测[0]个口罩有货，[1]个口罩无货，[0]个口罩下柜，耗时[212]ms
2020-02-19 16:00:03,340 INFO: 第7次 
2020-02-19 16:00:03,573 INFO: 检测[0]个口罩有货，[1]个口罩无货，[0]个口罩下柜，耗时[231]ms
2020-02-19 16:00:03,775 INFO: 第8次 
2020-02-19 16:00:03,997 INFO: 检测[0]个口罩有货，[1]个口罩无货，[0]个口罩下柜，耗时[221]ms
2020-02-19 16:00:04,099 INFO: 第9次 
2020-02-19 16:00:04,402 INFO: 检测[0]个口罩有货，[1]个口罩无货，[0]个口罩下柜，耗时[302]ms
2020-02-19 16:00:04,605 INFO: 第10次 
2020-02-19 16:00:04,852 INFO: 检测[0]个口罩有货，[1]个口罩无货，[0]个口罩下柜，耗时[247]ms
2020-02-19 16:00:04,955 INFO: 第11次 
2020-02-19 16:00:05,245 INFO: 检测[0]个口罩有货，[1]个口罩无货，[0]个口罩下柜，耗时[289]ms
2020-02-19 16:00:05,447 INFO: 第12次 
2020-02-19 16:00:05,686 INFO: 检测[0]个口罩有货，[1]个口罩无货，[0]个口罩下柜，耗时[238]ms
2020-02-19 16:00:05,888 INFO: 第13次 
2020-02-19 16:00:06,084 INFO: 检测[0]个口罩有货，[1]个口罩无货，[0]个口罩下柜，耗时[193]ms
2020-02-19 16:00:06,285 INFO: 第14次 
2020-02-19 16:00:06,552 INFO: 检测[0]个口罩有货，[1]个口罩无货，[0]个口罩下柜，耗时[266]ms
2020-02-19 16:00:06,654 INFO: 第15次 
2020-02-19 16:00:06,959 INFO: 检测[0]个口罩有货，[1]个口罩无货，[0]个口罩下柜，耗时[304]ms
2020-02-19 16:00:07,061 INFO: 第16次 
2020-02-19 16:00:07,309 INFO: 检测[0]个口罩有货，[1]个口罩无货，[0]个口罩下柜，耗时[247]ms
2020-02-19 16:00:07,511 INFO: 第17次 
2020-02-19 16:00:07,737 INFO: 检测[0]个口罩有货，[1]个口罩无货，[0]个口罩下柜，耗时[225]ms
2020-02-19 16:00:08,039 INFO: 第18次 
2020-02-19 16:00:08,240 INFO: 检测[0]个口罩有货，[1]个口罩无货，[0]个口罩下柜，耗时[199]ms
2020-02-19 16:00:08,543 INFO: 第19次 
2020-02-19 16:00:08,806 INFO: 检测[0]个口罩有货，[1]个口罩无货，[0]个口罩下柜，耗时[261]ms
2020-02-19 16:00:08,909 INFO: 第20次 
2020-02-19 16:00:09,112 INFO: 检测[0]个口罩有货，[1]个口罩无货，[0]个口罩下柜，耗时[201]ms
2020-02-19 16:00:09,214 INFO: 第21次 
2020-02-19 16:00:09,467 INFO: 检测[0]个口罩有货，[1]个口罩无货，[0]个口罩下柜，耗时[251]ms
2020-02-19 16:00:09,669 INFO: 第22次 
2020-02-19 16:00:09,916 INFO: 检测[0]个口罩有货，[1]个口罩无货，[0]个口罩下柜，耗时[246]ms
2020-02-19 16:00:10,118 INFO: 第23次 
2020-02-19 16:00:10,348 INFO: 检测[0]个口罩有货，[1]个口罩无货，[0]个口罩下柜，耗时[229]ms
2020-02-19 16:00:10,450 INFO: 第24次 
2020-02-19 16:00:10,728 INFO: 检测[0]个口罩有货，[1]个口罩无货，[0]个口罩下柜，耗时[277]ms
2020-02-19 16:00:10,829 INFO: 第25次 
2020-02-19 16:00:11,041 INFO: 检测[0]个口罩有货，[1]个口罩无货，[0]个口罩下柜，耗时[211]ms
2020-02-19 16:00:11,144 INFO: 第26次 
2020-02-19 16:00:11,338 INFO: 检测[0]个口罩有货，[1]个口罩无货，[0]个口罩下柜，耗时[193]ms
2020-02-19 16:00:11,439 INFO: 第27次 
2020-02-19 16:00:11,681 INFO: 检测[0]个口罩有货，[1]个口罩无货，[0]个口罩下柜，耗时[241]ms
2020-02-19 16:00:11,983 INFO: 第28次 
2020-02-19 16:00:12,338 INFO: 检测[0]个口罩有货，[1]个口罩无货，[0]个口罩下柜，耗时[354]ms
2020-02-19 16:00:12,640 INFO: 第29次 
2020-02-19 16:00:13,067 INFO: 检测[0]个口罩有货，[1]个口罩无货，[0]个口罩下柜，耗时[426]ms
2020-02-19 16:00:13,170 INFO: 第30次 
2020-02-19 16:00:13,682 INFO: 检测[0]个口罩有货，[1]个口罩无货，[0]个口罩下柜，耗时[511]ms
2020-02-19 16:00:13,985 INFO: 第31次 
2020-02-19 16:00:14,203 INFO: 检测[0]个口罩有货，[1]个口罩无货，[0]个口罩下柜，耗时[217]ms
2020-02-19 16:00:14,405 INFO: 第32次 
2020-02-19 16:00:14,642 INFO: 检测[0]个口罩有货，[1]个口罩无货，[0]个口罩下柜，耗时[236]ms
2020-02-19 16:00:14,744 INFO: 第33次 
2020-02-19 16:00:14,976 INFO: 检测[0]个口罩有货，[1]个口罩无货，[0]个口罩下柜，耗时[231]ms
2020-02-19 16:00:15,179 INFO: 第34次 
2020-02-19 16:00:15,418 INFO: 检测[0]个口罩有货，[1]个口罩无货，[0]个口罩下柜，耗时[239]ms
2020-02-19 16:00:15,519 INFO: 第35次 
2020-02-19 16:00:15,777 INFO: 检测[0]个口罩有货，[1]个口罩无货，[0]个口罩下柜，耗时[257]ms
2020-02-19 16:00:15,978 INFO: 第36次 
2020-02-19 16:00:16,236 INFO: 检测[0]个口罩有货，[1]个口罩无货，[0]个口罩下柜，耗时[257]ms
2020-02-19 16:00:16,539 INFO: 第37次 
2020-02-19 16:00:16,846 INFO: 检测[0]个口罩有货，[1]个口罩无货，[0]个口罩下柜，耗时[306]ms
2020-02-19 16:00:17,148 INFO: 第38次 
2020-02-19 16:00:17,357 INFO: 检测[0]个口罩有货，[1]个口罩无货，[0]个口罩下柜，耗时[208]ms
2020-02-19 16:00:17,559 INFO: 第39次 
2020-02-19 16:00:17,788 INFO: 检测[0]个口罩有货，[1]个口罩无货，[0]个口罩下柜，耗时[228]ms
2020-02-19 16:00:17,891 INFO: 第40次 
2020-02-19 16:00:18,123 INFO: 检测[0]个口罩有货，[1]个口罩无货，[0]个口罩下柜，耗时[231]ms
2020-02-19 16:00:18,325 INFO: 第41次 
2020-02-19 16:00:18,554 INFO: 检测[0]个口罩有货，[1]个口罩无货，[0]个口罩下柜，耗时[228]ms
2020-02-19 16:00:18,756 INFO: 第42次 
2020-02-19 16:00:18,961 INFO: 检测[0]个口罩有货，[1]个口罩无货，[0]个口罩下柜，耗时[204]ms
2020-02-19 16:00:19,063 INFO: 第43次 
2020-02-19 16:00:19,281 INFO: 检测[0]个口罩有货，[1]个口罩无货，[0]个口罩下柜，耗时[217]ms
2020-02-19 16:00:19,483 INFO: 第44次 
2020-02-19 16:00:19,763 INFO: 检测[0]个口罩有货，[1]个口罩无货，[0]个口罩下柜，耗时[279]ms
2020-02-19 16:00:20,064 INFO: 第45次 
2020-02-19 16:00:20,316 INFO: 检测[0]个口罩有货，[1]个口罩无货，[0]个口罩下柜，耗时[250]ms
2020-02-19 16:00:20,419 INFO: 第46次 
2020-02-19 16:00:20,616 INFO: 检测[0]个口罩有货，[1]个口罩无货，[0]个口罩下柜，耗时[196]ms
2020-02-19 16:00:20,918 INFO: 第47次 
2020-02-19 16:00:21,197 INFO: 检测[0]个口罩有货，[1]个口罩无货，[0]个口罩下柜，耗时[277]ms
2020-02-19 16:00:21,298 INFO: 第48次 
2020-02-19 16:00:21,591 INFO: 检测[0]个口罩有货，[1]个口罩无货，[0]个口罩下柜，耗时[291]ms
2020-02-19 16:00:21,692 INFO: 第49次 
2020-02-19 16:00:21,896 INFO: 检测[0]个口罩有货，[1]个口罩无货，[0]个口罩下柜，耗时[203]ms
2020-02-19 16:00:21,998 INFO: 第50次 
2020-02-19 16:00:22,247 INFO: 检测[0]个口罩有货，[1]个口罩无货，[0]个口罩下柜，耗时[248]ms
2020-02-19 16:00:22,348 INFO: 第51次 
2020-02-19 16:00:22,572 INFO: 检测[0]个口罩有货，[1]个口罩无货，[0]个口罩下柜，耗时[223]ms
2020-02-19 16:00:22,873 INFO: 第52次 
2020-02-19 16:00:23,089 INFO: 检测[0]个口罩有货，[1]个口罩无货，[0]个口罩下柜，耗时[214]ms
2020-02-19 16:00:23,291 INFO: 第53次 
2020-02-19 16:00:23,519 INFO: 检测[0]个口罩有货，[1]个口罩无货，[0]个口罩下柜，耗时[227]ms
2020-02-19 16:00:23,821 INFO: 第54次 
2020-02-19 16:00:24,056 INFO: 检测[0]个口罩有货，[1]个口罩无货，[0]个口罩下柜，耗时[234]ms
2020-02-19 16:00:24,360 INFO: 第55次 
2020-02-19 16:00:24,632 INFO: 检测[0]个口罩有货，[1]个口罩无货，[0]个口罩下柜，耗时[270]ms
2020-02-19 16:00:24,834 INFO: 第56次 
2020-02-19 16:00:25,112 INFO: 检测[0]个口罩有货，[1]个口罩无货，[0]个口罩下柜，耗时[276]ms
2020-02-19 16:00:25,414 INFO: 第57次 
2020-02-19 16:00:25,678 INFO: 检测[0]个口罩有货，[1]个口罩无货，[0]个口罩下柜，耗时[263]ms
2020-02-19 16:00:25,981 INFO: 第58次 
2020-02-19 16:00:26,222 INFO: 检测[0]个口罩有货，[1]个口罩无货，[0]个口罩下柜，耗时[240]ms
2020-02-19 16:00:26,323 INFO: 第59次 
2020-02-19 16:00:26,567 INFO: 检测[0]个口罩有货，[1]个口罩无货，[0]个口罩下柜，耗时[243]ms
2020-02-19 16:00:26,670 INFO: 第60次 
2020-02-19 16:00:26,896 INFO: 检测[0]个口罩有货，[1]个口罩无货，[0]个口罩下柜，耗时[224]ms
2020-02-19 16:00:27,097 INFO: 第61次 
2020-02-19 16:00:27,379 INFO: 检测[0]个口罩有货，[1]个口罩无货，[0]个口罩下柜，耗时[281]ms
2020-02-19 16:00:27,582 INFO: 第62次 
2020-02-19 16:00:27,871 INFO: 检测[0]个口罩有货，[1]个口罩无货，[0]个口罩下柜，耗时[288]ms
2020-02-19 16:00:27,973 INFO: 第63次 
2020-02-19 16:00:28,217 INFO: 检测[0]个口罩有货，[1]个口罩无货，[0]个口罩下柜，耗时[243]ms
2020-02-19 16:00:28,318 INFO: 第64次 
2020-02-19 16:00:28,575 INFO: 检测[0]个口罩有货，[1]个口罩无货，[0]个口罩下柜，耗时[256]ms
2020-02-19 16:00:28,679 INFO: 第65次 
2020-02-19 16:00:31,973 INFO: 检测[0]个口罩有货，[1]个口罩无货，[0]个口罩下柜，耗时[3293]ms
2020-02-19 16:00:32,275 INFO: 第66次 
2020-02-19 16:00:32,567 INFO: 检测[0]个口罩有货，[1]个口罩无货，[0]个口罩下柜，耗时[290]ms
2020-02-19 16:00:32,769 INFO: 第67次 
2020-02-19 16:00:33,047 INFO: 检测[0]个口罩有货，[1]个口罩无货，[0]个口罩下柜，耗时[276]ms
2020-02-19 16:00:33,351 INFO: 第68次 
2020-02-19 16:00:33,695 INFO: 检测[0]个口罩有货，[1]个口罩无货，[0]个口罩下柜，耗时[343]ms
2020-02-19 16:00:33,798 INFO: 第69次 
2020-02-19 16:00:34,043 INFO: 检测[0]个口罩有货，[1]个口罩无货，[0]个口罩下柜，耗时[243]ms
2020-02-19 16:00:34,145 INFO: 第70次 
2020-02-19 16:00:34,362 INFO: 检测[0]个口罩有货，[1]个口罩无货，[0]个口罩下柜，耗时[216]ms
2020-02-19 16:00:34,664 INFO: 第71次 
2020-02-19 16:00:34,975 INFO: 检测[0]个口罩有货，[1]个口罩无货，[0]个口罩下柜，耗时[310]ms
2020-02-19 16:00:35,277 INFO: 第72次 
2020-02-19 16:00:35,521 INFO: 检测[0]个口罩有货，[1]个口罩无货，[0]个口罩下柜，耗时[243]ms
2020-02-19 16:00:35,723 INFO: 第73次 
2020-02-19 16:00:35,918 INFO: 检测[0]个口罩有货，[1]个口罩无货，[0]个口罩下柜，耗时[194]ms
2020-02-19 16:00:36,220 INFO: 第74次 
2020-02-19 16:00:36,457 INFO: 检测[0]个口罩有货，[1]个口罩无货，[0]个口罩下柜，耗时[235]ms
2020-02-19 16:00:36,659 INFO: 第75次 
2020-02-19 16:00:36,947 INFO: 检测[0]个口罩有货，[1]个口罩无货，[0]个口罩下柜，耗时[286]ms
2020-02-19 16:00:37,049 INFO: 第76次 
2020-02-19 16:00:37,285 INFO: 检测[0]个口罩有货，[1]个口罩无货，[0]个口罩下柜，耗时[234]ms
2020-02-19 16:00:37,487 INFO: 第77次 
2020-02-19 16:00:37,737 INFO: 检测[0]个口罩有货，[1]个口罩无货，[0]个口罩下柜，耗时[249]ms
2020-02-19 16:00:37,839 INFO: 第78次 
2020-02-19 16:00:38,085 INFO: 检测[0]个口罩有货，[1]个口罩无货，[0]个口罩下柜，耗时[245]ms
2020-02-19 16:00:38,287 INFO: 第79次 
2020-02-19 16:00:38,525 INFO: 检测[0]个口罩有货，[1]个口罩无货，[0]个口罩下柜，耗时[237]ms
2020-02-19 16:00:38,727 INFO: 第80次 
2020-02-19 16:00:38,958 INFO: 检测[0]个口罩有货，[1]个口罩无货，[0]个口罩下柜，耗时[230]ms
2020-02-19 16:00:39,160 INFO: 第81次 
2020-02-19 16:00:39,463 INFO: 检测[0]个口罩有货，[1]个口罩无货，[0]个口罩下柜，耗时[301]ms
2020-02-19 16:00:39,765 INFO: 第82次 
2020-02-19 16:00:40,158 INFO: 检测[0]个口罩有货，[1]个口罩无货，[0]个口罩下柜，耗时[392]ms
2020-02-19 16:00:40,461 INFO: 第83次 
2020-02-19 16:00:40,683 INFO: 检测[0]个口罩有货，[1]个口罩无货，[0]个口罩下柜，耗时[221]ms
2020-02-19 16:00:40,885 INFO: 第84次 
2020-02-19 16:00:41,121 INFO: 检测[0]个口罩有货，[1]个口罩无货，[0]个口罩下柜，耗时[235]ms
2020-02-19 16:00:41,223 INFO: 第85次 
2020-02-19 16:00:41,446 INFO: 检测[0]个口罩有货，[1]个口罩无货，[0]个口罩下柜，耗时[222]ms
2020-02-19 16:00:41,648 INFO: 第86次 
2020-02-19 16:00:41,896 INFO: 检测[0]个口罩有货，[1]个口罩无货，[0]个口罩下柜，耗时[247]ms
2020-02-19 16:00:42,098 INFO: 第87次 
2020-02-19 16:00:42,326 INFO: 检测[0]个口罩有货，[1]个口罩无货，[0]个口罩下柜，耗时[227]ms
2020-02-19 16:00:42,629 INFO: 第88次 
2020-02-19 16:00:42,846 INFO: 检测[0]个口罩有货，[1]个口罩无货，[0]个口罩下柜，耗时[216]ms
2020-02-19 16:00:42,949 INFO: 第89次 
2020-02-19 16:00:43,167 INFO: 检测[0]个口罩有货，[1]个口罩无货，[0]个口罩下柜，耗时[217]ms
2020-02-19 16:00:43,469 INFO: 第90次 
2020-02-19 16:00:43,687 INFO: 检测[0]个口罩有货，[1]个口罩无货，[0]个口罩下柜，耗时[216]ms
2020-02-19 16:00:43,889 INFO: 第91次 
2020-02-19 16:00:44,107 INFO: 检测[0]个口罩有货，[1]个口罩无货，[0]个口罩下柜，耗时[217]ms
2020-02-19 16:00:44,410 INFO: 第92次 
2020-02-19 16:00:44,652 INFO: 检测[0]个口罩有货，[1]个口罩无货，[0]个口罩下柜，耗时[241]ms
2020-02-19 16:00:44,953 INFO: 第93次 
2020-02-19 16:00:45,287 INFO: 检测[0]个口罩有货，[1]个口罩无货，[0]个口罩下柜，耗时[332]ms
2020-02-19 16:00:45,589 INFO: 第94次 
2020-02-19 16:00:45,812 INFO: 检测[0]个口罩有货，[1]个口罩无货，[0]个口罩下柜，耗时[222]ms
2020-02-19 16:00:45,915 INFO: 第95次 
2020-02-19 16:00:46,127 INFO: 检测[0]个口罩有货，[1]个口罩无货，[0]个口罩下柜，耗时[210]ms
2020-02-19 16:00:46,328 INFO: 第96次 
2020-02-19 16:00:46,632 INFO: 检测[0]个口罩有货，[1]个口罩无货，[0]个口罩下柜，耗时[303]ms
2020-02-19 16:00:46,833 INFO: 第97次 
2020-02-19 16:00:47,067 INFO: 检测[0]个口罩有货，[1]个口罩无货，[0]个口罩下柜，耗时[233]ms
2020-02-19 16:00:47,169 INFO: 第98次 
2020-02-19 16:00:47,427 INFO: 检测[0]个口罩有货，[1]个口罩无货，[0]个口罩下柜，耗时[257]ms
2020-02-19 16:00:47,529 INFO: 第99次 
2020-02-19 16:00:47,775 INFO: 检测[0]个口罩有货，[1]个口罩无货，[0]个口罩下柜，耗时[245]ms
2020-02-19 16:00:48,992 INFO: 清空购物车
2020-02-19 16:00:49,806 INFO: 登录成功
2020-02-19 16:00:49,807 INFO: 校验是否还在登录
2020-02-19 16:00:50,564 INFO: 5008240  已成功加入购物车
2020-02-19 16:00:50,999 INFO: 第100次 
2020-02-19 16:00:51,197 INFO: 检测[0]个口罩有货，[1]个口罩无货，[0]个口罩下柜，耗时[196]ms
2020-02-19 16:00:51,299 INFO: 第101次 
2020-02-19 16:00:51,517 INFO: 检测[0]个口罩有货，[1]个口罩无货，[0]个口罩下柜，耗时[217]ms
2020-02-19 16:00:51,720 INFO: 第102次 
2020-02-19 16:00:51,973 INFO: 检测[0]个口罩有货，[1]个口罩无货，[0]个口罩下柜，耗时[251]ms
2020-02-19 16:00:52,274 INFO: 第103次 
2020-02-19 16:00:52,526 INFO: 检测[0]个口罩有货，[1]个口罩无货，[0]个口罩下柜，耗时[250]ms
2020-02-19 16:00:52,829 INFO: 第104次 
2020-02-19 16:00:53,045 INFO: 检测[0]个口罩有货，[1]个口罩无货，[0]个口罩下柜，耗时[214]ms
2020-02-19 16:00:53,247 INFO: 第105次 
2020-02-19 16:00:53,511 INFO: 检测[0]个口罩有货，[1]个口罩无货，[0]个口罩下柜，耗时[262]ms
2020-02-19 16:00:53,613 INFO: 第106次 
2020-02-19 16:00:53,832 INFO: 检测[0]个口罩有货，[1]个口罩无货，[0]个口罩下柜，耗时[218]ms
2020-02-19 16:00:54,034 INFO: 第107次 
2020-02-19 16:00:54,345 INFO: 检测[0]个口罩有货，[1]个口罩无货，[0]个口罩下柜，耗时[310]ms
2020-02-19 16:00:54,447 INFO: 第108次 
2020-02-19 16:00:54,693 INFO: 检测[0]个口罩有货，[1]个口罩无货，[0]个口罩下柜，耗时[245]ms
2020-02-19 16:00:54,995 INFO: 第109次 
2020-02-19 16:00:55,277 INFO: 检测[0]个口罩有货，[1]个口罩无货，[0]个口罩下柜，耗时[281]ms
2020-02-19 16:00:55,379 INFO: 第110次 
2020-02-19 16:00:55,615 INFO: 检测[0]个口罩有货，[1]个口罩无货，[0]个口罩下柜，耗时[235]ms
2020-02-19 16:00:55,918 INFO: 第111次 
2020-02-19 16:00:56,157 INFO: 检测[0]个口罩有货，[1]个口罩无货，[0]个口罩下柜，耗时[238]ms
2020-02-19 16:00:56,259 INFO: 第112次 
2020-02-19 16:00:56,486 INFO: 检测[0]个口罩有货，[1]个口罩无货，[0]个口罩下柜，耗时[226]ms
2020-02-19 16:00:56,788 INFO: 第113次 
2020-02-19 16:00:56,973 INFO: 检测[0]个口罩有货，[1]个口罩无货，[0]个口罩下柜，耗时[183]ms
2020-02-19 16:00:57,174 INFO: 第114次 
2020-02-19 16:00:57,418 INFO: 检测[0]个口罩有货，[1]个口罩无货，[0]个口罩下柜，耗时[242]ms
2020-02-19 16:00:57,520 INFO: 第115次 
2020-02-19 16:00:57,816 INFO: 检测[0]个口罩有货，[1]个口罩无货，[0]个口罩下柜，耗时[295]ms
2020-02-19 16:00:58,118 INFO: 第116次 
2020-02-19 16:00:58,368 INFO: 检测[0]个口罩有货，[1]个口罩无货，[0]个口罩下柜，耗时[249]ms
2020-02-19 16:00:58,571 INFO: 第117次 
2020-02-19 16:00:58,797 INFO: 检测[0]个口罩有货，[1]个口罩无货，[0]个口罩下柜，耗时[226]ms
2020-02-19 16:00:59,101 INFO: 第118次 
2020-02-19 16:00:59,366 INFO: 检测[0]个口罩有货，[1]个口罩无货，[0]个口罩下柜，耗时[264]ms
2020-02-19 16:00:59,568 INFO: 第119次 
2020-02-19 16:00:59,757 INFO: 检测[0]个口罩有货，[1]个口罩无货，[0]个口罩下柜，耗时[188]ms
2020-02-19 16:00:59,958 INFO: 第120次 
2020-02-19 16:01:00,202 INFO: 检测[0]个口罩有货，[1]个口罩无货，[0]个口罩下柜，耗时[243]ms
2020-02-19 16:01:00,404 INFO: 第121次 
2020-02-19 16:01:00,650 INFO: 检测[0]个口罩有货，[1]个口罩无货，[0]个口罩下柜，耗时[245]ms
2020-02-19 16:01:00,753 INFO: 第122次 
2020-02-19 16:01:00,988 INFO: 检测[0]个口罩有货，[1]个口罩无货，[0]个口罩下柜，耗时[234]ms
2020-02-19 16:01:01,189 INFO: 第123次 
2020-02-19 16:01:01,406 INFO: 检测[0]个口罩有货，[1]个口罩无货，[0]个口罩下柜，耗时[215]ms
2020-02-19 16:01:01,508 INFO: 第124次 
2020-02-19 16:01:01,787 INFO: 检测[0]个口罩有货，[1]个口罩无货，[0]个口罩下柜，耗时[278]ms
2020-02-19 16:01:02,090 INFO: 第125次 
2020-02-19 16:01:02,322 INFO: 检测[0]个口罩有货，[1]个口罩无货，[0]个口罩下柜，耗时[231]ms
2020-02-19 16:01:02,524 INFO: 第126次 
2020-02-19 16:01:02,791 INFO: 检测[0]个口罩有货，[1]个口罩无货，[0]个口罩下柜，耗时[266]ms
2020-02-19 16:01:03,093 INFO: 第127次 
2020-02-19 16:01:03,448 INFO: 检测[0]个口罩有货，[1]个口罩无货，[0]个口罩下柜，耗时[354]ms
2020-02-19 16:01:03,549 INFO: 第128次 
2020-02-19 16:01:04,027 INFO: 检测[0]个口罩有货，[1]个口罩无货，[0]个口罩下柜，耗时[476]ms
2020-02-19 16:01:04,130 INFO: 第129次 
2020-02-19 16:01:04,427 INFO: 检测[0]个口罩有货，[1]个口罩无货，[0]个口罩下柜，耗时[295]ms
2020-02-19 16:01:04,730 INFO: 第130次 
2020-02-19 16:01:04,987 INFO: 检测[0]个口罩有货，[1]个口罩无货，[0]个口罩下柜，耗时[256]ms
2020-02-19 16:01:05,089 INFO: 第131次 
2020-02-19 16:01:05,309 INFO: 检测[0]个口罩有货，[1]个口罩无货，[0]个口罩下柜，耗时[217]ms
2020-02-19 16:01:05,511 INFO: 第132次 
2020-02-19 16:01:05,788 INFO: 检测[0]个口罩有货，[1]个口罩无货，[0]个口罩下柜，耗时[276]ms
2020-02-19 16:01:05,891 INFO: 第133次 
2020-02-19 16:01:06,188 INFO: 检测[0]个口罩有货，[1]个口罩无货，[0]个口罩下柜，耗时[296]ms
2020-02-19 16:01:06,390 INFO: 第134次 
2020-02-19 16:01:06,715 INFO: 检测[0]个口罩有货，[1]个口罩无货，[0]个口罩下柜，耗时[323]ms
2020-02-19 16:01:07,018 INFO: 第135次 
2020-02-19 16:01:07,256 INFO: 检测[0]个口罩有货，[1]个口罩无货，[0]个口罩下柜，耗时[237]ms
2020-02-19 16:01:07,358 INFO: 第136次 
2020-02-19 16:01:07,629 INFO: 检测[0]个口罩有货，[1]个口罩无货，[0]个口罩下柜，耗时[270]ms
2020-02-19 16:01:07,731 INFO: 第137次 
2020-02-19 16:01:07,987 INFO: 检测[0]个口罩有货，[1]个口罩无货，[0]个口罩下柜，耗时[255]ms
2020-02-19 16:01:08,189 INFO: 第138次 
2020-02-19 16:01:08,752 INFO: 检测[0]个口罩有货，[1]个口罩无货，[0]个口罩下柜，耗时[561]ms
2020-02-19 16:01:08,953 INFO: 第139次 
2020-02-19 16:01:09,202 INFO: 检测[0]个口罩有货，[1]个口罩无货，[0]个口罩下柜，耗时[248]ms
2020-02-19 16:01:09,504 INFO: 第140次 
2020-02-19 16:01:11,371 INFO: 检测[0]个口罩有货，[1]个口罩无货，[0]个口罩下柜，耗时[1866]ms
2020-02-19 16:01:11,473 INFO: 第141次 
2020-02-19 16:01:11,683 INFO: 检测[0]个口罩有货，[1]个口罩无货，[0]个口罩下柜，耗时[209]ms
2020-02-19 16:01:11,885 INFO: 第142次 
2020-02-19 16:01:12,187 INFO: 检测[0]个口罩有货，[1]个口罩无货，[0]个口罩下柜，耗时[300]ms
2020-02-19 16:01:12,389 INFO: 第143次 
2020-02-19 16:01:12,642 INFO: 检测[0]个口罩有货，[1]个口罩无货，[0]个口罩下柜，耗时[252]ms
2020-02-19 16:01:12,745 INFO: 第144次 
2020-02-19 16:01:12,972 INFO: 检测[0]个口罩有货，[1]个口罩无货，[0]个口罩下柜，耗时[226]ms
2020-02-19 16:01:13,173 INFO: 第145次 
2020-02-19 16:01:13,466 INFO: 检测[0]个口罩有货，[1]个口罩无货，[0]个口罩下柜，耗时[291]ms
2020-02-19 16:01:13,769 INFO: 第146次 
2020-02-19 16:01:14,026 INFO: 检测[0]个口罩有货，[1]个口罩无货，[0]个口罩下柜，耗时[256]ms
2020-02-19 16:01:14,129 INFO: 第147次 
2020-02-19 16:01:14,408 INFO: 检测[0]个口罩有货，[1]个口罩无货，[0]个口罩下柜，耗时[278]ms
2020-02-19 16:01:14,610 INFO: 第148次 
2020-02-19 16:01:14,805 INFO: 检测[0]个口罩有货，[1]个口罩无货，[0]个口罩下柜，耗时[194]ms
2020-02-19 16:01:14,908 INFO: 第149次 
2020-02-19 16:01:15,147 INFO: 检测[0]个口罩有货，[1]个口罩无货，[0]个口罩下柜，耗时[237]ms
2020-02-19 16:01:15,249 INFO: 第150次 
2020-02-19 16:01:15,507 INFO: 检测[0]个口罩有货，[1]个口罩无货，[0]个口罩下柜，耗时[257]ms
2020-02-19 16:01:15,809 INFO: 第151次 
2020-02-19 16:01:16,006 INFO: 检测[0]个口罩有货，[1]个口罩无货，[0]个口罩下柜，耗时[196]ms
2020-02-19 16:01:16,208 INFO: 第152次 
2020-02-19 16:01:16,406 INFO: 检测[0]个口罩有货，[1]个口罩无货，[0]个口罩下柜，耗时[197]ms
2020-02-19 16:01:16,508 INFO: 第153次 
2020-02-19 16:01:16,738 INFO: 检测[0]个口罩有货，[1]个口罩无货，[0]个口罩下柜，耗时[229]ms
2020-02-19 16:01:16,839 INFO: 第154次 
2020-02-19 16:01:17,120 INFO: 检测[0]个口罩有货，[1]个口罩无货，[0]个口罩下柜，耗时[280]ms
2020-02-19 16:01:17,223 INFO: 第155次 
2020-02-19 16:01:17,447 INFO: 检测[0]个口罩有货，[1]个口罩无货，[0]个口罩下柜，耗时[223]ms
2020-02-19 16:01:17,648 INFO: 第156次 
2020-02-19 16:01:17,891 INFO: 检测[0]个口罩有货，[1]个口罩无货，[0]个口罩下柜，耗时[242]ms
2020-02-19 16:01:17,994 INFO: 第157次 
2020-02-19 16:01:18,241 INFO: 检测[0]个口罩有货，[1]个口罩无货，[0]个口罩下柜，耗时[245]ms
2020-02-19 16:01:18,543 INFO: 第158次 
2020-02-19 16:01:18,826 INFO: 检测[0]个口罩有货，[1]个口罩无货，[0]个口罩下柜，耗时[282]ms
2020-02-19 16:01:19,028 INFO: 第159次 
2020-02-19 16:01:19,275 INFO: 检测[0]个口罩有货，[1]个口罩无货，[0]个口罩下柜，耗时[246]ms
2020-02-19 16:01:19,578 INFO: 第160次 
2020-02-19 16:01:19,867 INFO: 检测[0]个口罩有货，[1]个口罩无货，[0]个口罩下柜，耗时[288]ms
2020-02-19 16:01:20,069 INFO: 第161次 
2020-02-19 16:01:20,347 INFO: 检测[0]个口罩有货，[1]个口罩无货，[0]个口罩下柜，耗时[277]ms
2020-02-19 16:01:20,548 INFO: 第162次 
2020-02-19 16:01:20,771 INFO: 检测[0]个口罩有货，[1]个口罩无货，[0]个口罩下柜，耗时[222]ms
2020-02-19 16:01:20,972 INFO: 第163次 
2020-02-19 16:01:21,202 INFO: 检测[0]个口罩有货，[1]个口罩无货，[0]个口罩下柜，耗时[229]ms
2020-02-19 16:01:21,304 INFO: 第164次 
2020-02-19 16:01:21,550 INFO: 检测[0]个口罩有货，[1]个口罩无货，[0]个口罩下柜，耗时[245]ms
2020-02-19 16:01:21,753 INFO: 第165次 
2020-02-19 16:01:22,017 INFO: 检测[0]个口罩有货，[1]个口罩无货，[0]个口罩下柜，耗时[263]ms
2020-02-19 16:01:22,119 INFO: 第166次 
2020-02-19 16:01:22,335 INFO: 检测[0]个口罩有货，[1]个口罩无货，[0]个口罩下柜，耗时[215]ms
2020-02-19 16:01:22,438 INFO: 第167次 
2020-02-19 16:01:22,646 INFO: 检测[0]个口罩有货，[1]个口罩无货，[0]个口罩下柜，耗时[206]ms
2020-02-19 16:01:22,748 INFO: 第168次 
2020-02-19 16:01:22,975 INFO: 检测[0]个口罩有货，[1]个口罩无货，[0]个口罩下柜，耗时[226]ms
2020-02-19 16:01:23,177 INFO: 第169次 
2020-02-19 16:01:23,466 INFO: 检测[0]个口罩有货，[1]个口罩无货，[0]个口罩下柜，耗时[288]ms
2020-02-19 16:01:23,668 INFO: 第170次 
2020-02-19 16:01:23,881 INFO: 检测[0]个口罩有货，[1]个口罩无货，[0]个口罩下柜，耗时[212]ms
2020-02-19 16:01:23,984 INFO: 第171次 
2020-02-19 16:01:24,218 INFO: 检测[0]个口罩有货，[1]个口罩无货，[0]个口罩下柜，耗时[233]ms
2020-02-19 16:01:24,520 INFO: 第172次 
2020-02-19 16:01:24,790 INFO: 检测[0]个口罩有货，[1]个口罩无货，[0]个口罩下柜，耗时[269]ms
2020-02-19 16:01:25,092 INFO: 第173次 
2020-02-19 16:01:25,331 INFO: 检测[0]个口罩有货，[1]个口罩无货，[0]个口罩下柜，耗时[238]ms
2020-02-19 16:01:25,635 INFO: 第174次 
2020-02-19 16:01:25,891 INFO: 检测[0]个口罩有货，[1]个口罩无货，[0]个口罩下柜，耗时[255]ms
2020-02-19 16:01:26,093 INFO: 第175次 
2020-02-19 16:01:26,347 INFO: 检测[0]个口罩有货，[1]个口罩无货，[0]个口罩下柜，耗时[253]ms
2020-02-19 16:01:26,550 INFO: 第176次 
2020-02-19 16:01:26,806 INFO: 检测[0]个口罩有货，[1]个口罩无货，[0]个口罩下柜，耗时[255]ms
2020-02-19 16:01:27,109 INFO: 第177次 
2020-02-19 16:01:27,357 INFO: 检测[0]个口罩有货，[1]个口罩无货，[0]个口罩下柜，耗时[246]ms
2020-02-19 16:01:27,559 INFO: 第178次 
2020-02-19 16:01:27,807 INFO: 检测[0]个口罩有货，[1]个口罩无货，[0]个口罩下柜，耗时[247]ms
2020-02-19 16:01:28,110 INFO: 第179次 
2020-02-19 16:01:28,363 INFO: 检测[0]个口罩有货，[1]个口罩无货，[0]个口罩下柜，耗时[252]ms
2020-02-19 16:01:28,666 INFO: 第180次 
2020-02-19 16:01:28,881 INFO: 检测[0]个口罩有货，[1]个口罩无货，[0]个口罩下柜，耗时[215]ms
2020-02-19 16:01:29,184 INFO: 第181次 
2020-02-19 16:01:29,378 INFO: 检测[0]个口罩有货，[1]个口罩无货，[0]个口罩下柜，耗时[193]ms
2020-02-19 16:01:29,680 INFO: 第182次 
2020-02-19 16:01:29,922 INFO: 检测[0]个口罩有货，[1]个口罩无货，[0]个口罩下柜，耗时[241]ms
2020-02-19 16:01:30,225 INFO: 第183次 
2020-02-19 16:01:30,456 INFO: 检测[0]个口罩有货，[1]个口罩无货，[0]个口罩下柜，耗时[230]ms
2020-02-19 16:01:30,759 INFO: 第184次 
2020-02-19 16:01:31,006 INFO: 检测[0]个口罩有货，[1]个口罩无货，[0]个口罩下柜，耗时[246]ms
2020-02-19 16:01:31,207 INFO: 第185次 
2020-02-19 16:01:31,445 INFO: 检测[0]个口罩有货，[1]个口罩无货，[0]个口罩下柜，耗时[237]ms
2020-02-19 16:01:31,748 INFO: 第186次 
2020-02-19 16:01:31,965 INFO: 检测[0]个口罩有货，[1]个口罩无货，[0]个口罩下柜，耗时[216]ms
2020-02-19 16:01:32,167 INFO: 第187次 
2020-02-19 16:01:34,942 INFO: 检测[0]个口罩有货，[1]个口罩无货，[0]个口罩下柜，耗时[2774]ms
2020-02-19 16:01:35,143 INFO: 第188次 
2020-02-19 16:01:35,357 INFO: 检测[0]个口罩有货，[1]个口罩无货，[0]个口罩下柜，耗时[213]ms
2020-02-19 16:01:35,459 INFO: 第189次 
2020-02-19 16:01:35,682 INFO: 检测[0]个口罩有货，[1]个口罩无货，[0]个口罩下柜，耗时[222]ms
2020-02-19 16:01:35,883 INFO: 第190次 
2020-02-19 16:01:36,123 INFO: 检测[0]个口罩有货，[1]个口罩无货，[0]个口罩下柜，耗时[239]ms
2020-02-19 16:01:36,426 INFO: 第191次 
2020-02-19 16:01:36,647 INFO: 检测[0]个口罩有货，[1]个口罩无货，[0]个口罩下柜，耗时[220]ms
2020-02-19 16:01:36,848 INFO: 第192次 
2020-02-19 16:01:37,090 INFO: 检测[0]个口罩有货，[1]个口罩无货，[0]个口罩下柜，耗时[241]ms
2020-02-19 16:01:37,393 INFO: 第193次 
2020-02-19 16:01:37,694 INFO: 检测[0]个口罩有货，[1]个口罩无货，[0]个口罩下柜，耗时[300]ms
2020-02-19 16:01:37,797 INFO: 第194次 
2020-02-19 16:01:43,351 INFO: 检测[0]个口罩有货，[1]个口罩无货，[0]个口罩下柜，耗时[5552]ms
2020-02-19 16:01:43,552 INFO: 第195次 
2020-02-19 16:01:43,812 INFO: 检测[0]个口罩有货，[1]个口罩无货，[0]个口罩下柜，耗时[259]ms
2020-02-19 16:01:43,915 INFO: 第196次 
2020-02-19 16:01:44,186 INFO: 检测[0]个口罩有货，[1]个口罩无货，[0]个口罩下柜，耗时[270]ms
2020-02-19 16:01:44,388 INFO: 第197次 
2020-02-19 16:01:44,645 INFO: 检测[0]个口罩有货，[1]个口罩无货，[0]个口罩下柜，耗时[256]ms
2020-02-19 16:01:44,747 INFO: 第198次 
2020-02-19 16:01:44,962 INFO: 检测[0]个口罩有货，[1]个口罩无货，[0]个口罩下柜，耗时[214]ms
2020-02-19 16:01:45,163 INFO: 第199次 
2020-02-19 16:01:45,467 INFO: 检测[0]个口罩有货，[1]个口罩无货，[0]个口罩下柜，耗时[302]ms
2020-02-19 16:01:46,654 INFO: 清空购物车
2020-02-19 16:01:47,630 INFO: 登录成功
2020-02-19 16:01:47,631 INFO: 校验是否还在登录
2020-02-19 16:01:48,422 INFO: 5008240  已成功加入购物车
2020-02-19 16:01:48,838 INFO: 第200次 
2020-02-19 16:01:49,094 INFO: 检测[0]个口罩有货，[1]个口罩无货，[0]个口罩下柜，耗时[255]ms
2020-02-19 16:01:49,296 INFO: 第201次 
2020-02-19 16:01:49,522 INFO: 检测[0]个口罩有货，[1]个口罩无货，[0]个口罩下柜，耗时[225]ms
2020-02-19 16:01:49,723 INFO: 第202次 
2020-02-19 16:01:49,950 INFO: 检测[0]个口罩有货，[1]个口罩无货，[0]个口罩下柜，耗时[226]ms
2020-02-19 16:01:50,252 INFO: 第203次 
2020-02-19 16:01:50,494 INFO: 检测[0]个口罩有货，[1]个口罩无货，[0]个口罩下柜，耗时[241]ms
2020-02-19 16:01:50,697 INFO: 第204次 
2020-02-19 16:01:50,921 INFO: 检测[0]个口罩有货，[1]个口罩无货，[0]个口罩下柜，耗时[223]ms
2020-02-19 16:01:51,224 INFO: 第205次 
2020-02-19 16:01:51,680 INFO: 检测[0]个口罩有货，[1]个口罩无货，[0]个口罩下柜，耗时[455]ms
2020-02-19 16:01:51,782 INFO: 第206次 
2020-02-19 16:01:52,002 INFO: 检测[0]个口罩有货，[1]个口罩无货，[0]个口罩下柜，耗时[219]ms
2020-02-19 16:01:52,204 INFO: 第207次 
2020-02-19 16:01:52,430 INFO: 检测[0]个口罩有货，[1]个口罩无货，[0]个口罩下柜，耗时[225]ms
2020-02-19 16:01:52,733 INFO: 第208次 
2020-02-19 16:01:52,967 INFO: 检测[0]个口罩有货，[1]个口罩无货，[0]个口罩下柜，耗时[233]ms
2020-02-19 16:01:53,069 INFO: 第209次 
2020-02-19 16:01:53,316 INFO: 检测[0]个口罩有货，[1]个口罩无货，[0]个口罩下柜，耗时[246]ms
2020-02-19 16:01:53,517 INFO: 第210次 
2020-02-19 16:01:53,772 INFO: 检测[0]个口罩有货，[1]个口罩无货，[0]个口罩下柜，耗时[254]ms
2020-02-19 16:01:53,975 INFO: 第211次 
2020-02-19 16:01:54,243 INFO: 检测[0]个口罩有货，[1]个口罩无货，[0]个口罩下柜，耗时[267]ms
2020-02-19 16:01:54,445 INFO: 第212次 
2020-02-19 16:01:54,714 INFO: 检测[0]个口罩有货，[1]个口罩无货，[0]个口罩下柜，耗时[268]ms
2020-02-19 16:01:54,916 INFO: 第213次 
2020-02-19 16:01:55,165 INFO: 检测[0]个口罩有货，[1]个口罩无货，[0]个口罩下柜，耗时[248]ms
2020-02-19 16:01:55,467 INFO: 第214次 
2020-02-19 16:01:55,676 INFO: 检测[0]个口罩有货，[1]个口罩无货，[0]个口罩下柜，耗时[208]ms
2020-02-19 16:01:55,878 INFO: 第215次 
2020-02-19 16:01:56,175 INFO: 检测[0]个口罩有货，[1]个口罩无货，[0]个口罩下柜，耗时[295]ms
2020-02-19 16:01:56,278 INFO: 第216次 
2020-02-19 16:01:56,517 INFO: 检测[0]个口罩有货，[1]个口罩无货，[0]个口罩下柜，耗时[239]ms
2020-02-19 16:01:56,821 INFO: 第217次 
2020-02-19 16:01:57,044 INFO: 检测[0]个口罩有货，[1]个口罩无货，[0]个口罩下柜，耗时[222]ms
2020-02-19 16:01:57,146 INFO: 第218次 
2020-02-19 16:01:57,335 INFO: 检测[0]个口罩有货，[1]个口罩无货，[0]个口罩下柜，耗时[188]ms
2020-02-19 16:01:57,537 INFO: 第219次 
2020-02-19 16:01:57,758 INFO: 检测[0]个口罩有货，[1]个口罩无货，[0]个口罩下柜，耗时[220]ms
2020-02-19 16:01:57,959 INFO: 第220次 
2020-02-19 16:01:58,176 INFO: 检测[0]个口罩有货，[1]个口罩无货，[0]个口罩下柜，耗时[216]ms
2020-02-19 16:01:58,378 INFO: 第221次 
2020-02-19 16:01:58,590 INFO: 检测[0]个口罩有货，[1]个口罩无货，[0]个口罩下柜，耗时[211]ms
2020-02-19 16:01:58,792 INFO: 第222次 
2020-02-19 16:01:59,040 INFO: 检测[0]个口罩有货，[1]个口罩无货，[0]个口罩下柜，耗时[247]ms
2020-02-19 16:01:59,242 INFO: 第223次 
2020-02-19 16:01:59,453 INFO: 检测[0]个口罩有货，[1]个口罩无货，[0]个口罩下柜，耗时[209]ms
2020-02-19 16:01:59,656 INFO: 第224次 
2020-02-19 16:01:59,885 INFO: 检测[0]个口罩有货，[1]个口罩无货，[0]个口罩下柜，耗时[227]ms
2020-02-19 16:02:00,087 INFO: 第225次 
2020-02-19 16:02:00,321 INFO: 检测[0]个口罩有货，[1]个口罩无货，[0]个口罩下柜，耗时[232]ms
2020-02-19 16:02:00,424 INFO: 第226次 
2020-02-19 16:02:00,645 INFO: 检测[0]个口罩有货，[1]个口罩无货，[0]个口罩下柜，耗时[220]ms
2020-02-19 16:02:00,948 INFO: 第227次 
2020-02-19 16:02:01,161 INFO: 检测[0]个口罩有货，[1]个口罩无货，[0]个口罩下柜，耗时[212]ms
2020-02-19 16:02:01,465 INFO: 第228次 
2020-02-19 16:02:01,682 INFO: 检测[0]个口罩有货，[1]个口罩无货，[0]个口罩下柜，耗时[215]ms
2020-02-19 16:02:01,983 INFO: 第229次 
2020-02-19 16:02:02,216 INFO: 检测[0]个口罩有货，[1]个口罩无货，[0]个口罩下柜，耗时[231]ms
2020-02-19 16:02:02,417 INFO: 第230次 
2020-02-19 16:02:02,640 INFO: 检测[0]个口罩有货，[1]个口罩无货，[0]个口罩下柜，耗时[222]ms
2020-02-19 16:02:02,942 INFO: 第231次 
2020-02-19 16:02:03,191 INFO: 检测[0]个口罩有货，[1]个口罩无货，[0]个口罩下柜，耗时[248]ms
2020-02-19 16:02:03,293 INFO: 第232次 
2020-02-19 16:02:03,526 INFO: 检测[0]个口罩有货，[1]个口罩无货，[0]个口罩下柜，耗时[231]ms
2020-02-19 16:02:03,829 INFO: 第233次 
2020-02-19 16:02:04,044 INFO: 检测[0]个口罩有货，[1]个口罩无货，[0]个口罩下柜，耗时[213]ms
2020-02-19 16:02:04,246 INFO: 第234次 
2020-02-19 16:02:04,525 INFO: 检测[0]个口罩有货，[1]个口罩无货，[0]个口罩下柜，耗时[277]ms
2020-02-19 16:02:04,727 INFO: 第235次 
2020-02-19 16:02:04,967 INFO: 检测[0]个口罩有货，[1]个口罩无货，[0]个口罩下柜，耗时[239]ms
2020-02-19 16:02:05,169 INFO: 第236次 
2020-02-19 16:02:05,415 INFO: 检测[0]个口罩有货，[1]个口罩无货，[0]个口罩下柜，耗时[245]ms
2020-02-19 16:02:05,717 INFO: 第237次 
2020-02-19 16:02:05,919 INFO: 检测[0]个口罩有货，[1]个口罩无货，[0]个口罩下柜，耗时[200]ms
2020-02-19 16:02:06,022 INFO: 第238次 
2020-02-19 16:02:06,257 INFO: 检测[0]个口罩有货，[1]个口罩无货，[0]个口罩下柜，耗时[233]ms
2020-02-19 16:02:06,560 INFO: 第239次 
2020-02-19 16:02:06,752 INFO: 检测[0]个口罩有货，[1]个口罩无货，[0]个口罩下柜，耗时[191]ms
2020-02-19 16:02:06,954 INFO: 第240次 
2020-02-19 16:02:07,251 INFO: 检测[0]个口罩有货，[1]个口罩无货，[0]个口罩下柜，耗时[295]ms
2020-02-19 16:02:07,453 INFO: 第241次 
2020-02-19 16:02:07,680 INFO: 检测[0]个口罩有货，[1]个口罩无货，[0]个口罩下柜，耗时[225]ms
2020-02-19 16:02:07,882 INFO: 第242次 
2020-02-19 16:02:08,132 INFO: 检测[0]个口罩有货，[1]个口罩无货，[0]个口罩下柜，耗时[249]ms
2020-02-19 16:02:08,235 INFO: 第243次 
2020-02-19 16:02:08,478 INFO: 检测[0]个口罩有货，[1]个口罩无货，[0]个口罩下柜，耗时[243]ms
2020-02-19 16:02:08,680 INFO: 第244次 
2020-02-19 16:02:08,926 INFO: 检测[0]个口罩有货，[1]个口罩无货，[0]个口罩下柜，耗时[245]ms
2020-02-19 16:02:09,028 INFO: 第245次 
2020-02-19 16:02:09,291 INFO: 检测[0]个口罩有货，[1]个口罩无货，[0]个口罩下柜，耗时[262]ms
2020-02-19 16:02:09,592 INFO: 第246次 
2020-02-19 16:02:09,852 INFO: 检测[0]个口罩有货，[1]个口罩无货，[0]个口罩下柜，耗时[259]ms
2020-02-19 16:02:09,954 INFO: 第247次 
2020-02-19 16:02:10,267 INFO: 检测[0]个口罩有货，[1]个口罩无货，[0]个口罩下柜，耗时[312]ms
2020-02-19 16:02:10,369 INFO: 第248次 
2020-02-19 16:02:10,602 INFO: 检测[0]个口罩有货，[1]个口罩无货，[0]个口罩下柜，耗时[232]ms
2020-02-19 16:02:10,904 INFO: 第249次 
2020-02-19 16:02:11,130 INFO: 检测[0]个口罩有货，[1]个口罩无货，[0]个口罩下柜，耗时[225]ms
2020-02-19 16:02:11,433 INFO: 第250次 
2020-02-19 16:02:11,680 INFO: 检测[0]个口罩有货，[1]个口罩无货，[0]个口罩下柜，耗时[245]ms
2020-02-19 16:02:11,882 INFO: 第251次 
2020-02-19 16:02:12,151 INFO: 检测[0]个口罩有货，[1]个口罩无货，[0]个口罩下柜，耗时[267]ms
2020-02-19 16:02:12,454 INFO: 第252次 
2020-02-19 16:02:12,748 INFO: 检测[0]个口罩有货，[1]个口罩无货，[0]个口罩下柜，耗时[292]ms
2020-02-19 16:02:12,950 INFO: 第253次 
2020-02-19 16:02:13,206 INFO: 检测[0]个口罩有货，[1]个口罩无货，[0]个口罩下柜，耗时[254]ms
2020-02-19 16:02:13,509 INFO: 第254次 
2020-02-19 16:02:13,756 INFO: 检测[0]个口罩有货，[1]个口罩无货，[0]个口罩下柜，耗时[245]ms
2020-02-19 16:02:13,958 INFO: 第255次 
2020-02-19 16:02:14,256 INFO: 检测[0]个口罩有货，[1]个口罩无货，[0]个口罩下柜，耗时[297]ms
2020-02-19 16:02:14,359 INFO: 第256次 
2020-02-19 16:02:14,636 INFO: 检测[0]个口罩有货，[1]个口罩无货，[0]个口罩下柜，耗时[275]ms
2020-02-19 16:02:14,938 INFO: 第257次 
2020-02-19 16:02:15,167 INFO: 检测[0]个口罩有货，[1]个口罩无货，[0]个口罩下柜，耗时[227]ms
2020-02-19 16:02:15,269 INFO: 第258次 
2020-02-19 16:02:15,537 INFO: 检测[0]个口罩有货，[1]个口罩无货，[0]个口罩下柜，耗时[267]ms
2020-02-19 16:02:15,640 INFO: 第259次 
2020-02-19 16:02:15,915 INFO: 检测[0]个口罩有货，[1]个口罩无货，[0]个口罩下柜，耗时[274]ms
2020-02-19 16:02:16,117 INFO: 第260次 
2020-02-19 16:02:16,331 INFO: 检测[0]个口罩有货，[1]个口罩无货，[0]个口罩下柜，耗时[213]ms
2020-02-19 16:02:16,433 INFO: 第261次 
2020-02-19 16:02:16,692 INFO: 检测[0]个口罩有货，[1]个口罩无货，[0]个口罩下柜，耗时[258]ms
2020-02-19 16:02:16,793 INFO: 第262次 
2020-02-19 16:02:17,114 INFO: 检测[0]个口罩有货，[1]个口罩无货，[0]个口罩下柜，耗时[320]ms
2020-02-19 16:02:17,316 INFO: 第263次 
2020-02-19 16:02:17,590 INFO: 检测[0]个口罩有货，[1]个口罩无货，[0]个口罩下柜，耗时[273]ms
2020-02-19 16:02:17,792 INFO: 第264次 
2020-02-19 16:02:18,051 INFO: 检测[0]个口罩有货，[1]个口罩无货，[0]个口罩下柜，耗时[258]ms
2020-02-19 16:02:18,153 INFO: 第265次 
2020-02-19 16:02:18,379 INFO: 检测[0]个口罩有货，[1]个口罩无货，[0]个口罩下柜，耗时[225]ms
2020-02-19 16:02:18,682 INFO: 第266次 
2020-02-19 16:02:18,935 INFO: 检测[0]个口罩有货，[1]个口罩无货，[0]个口罩下柜，耗时[250]ms
2020-02-19 16:02:19,237 INFO: 第267次 
2020-02-19 16:02:19,481 INFO: 检测[0]个口罩有货，[1]个口罩无货，[0]个口罩下柜，耗时[241]ms
2020-02-19 16:02:19,683 INFO: 第268次 
2020-02-19 16:02:19,933 INFO: 检测[0]个口罩有货，[1]个口罩无货，[0]个口罩下柜，耗时[249]ms
2020-02-19 16:02:20,235 INFO: 第269次 
2020-02-19 16:02:20,446 INFO: 检测[0]个口罩有货，[1]个口罩无货，[0]个口罩下柜，耗时[210]ms
2020-02-19 16:02:20,549 INFO: 第270次 
2020-02-19 16:02:20,760 INFO: 检测[0]个口罩有货，[1]个口罩无货，[0]个口罩下柜，耗时[209]ms
2020-02-19 16:02:21,063 INFO: 第271次 
2020-02-19 16:02:21,287 INFO: 检测[0]个口罩有货，[1]个口罩无货，[0]个口罩下柜，耗时[223]ms
2020-02-19 16:02:21,488 INFO: 第272次 
2020-02-19 16:02:21,725 INFO: 检测[0]个口罩有货，[1]个口罩无货，[0]个口罩下柜，耗时[235]ms
2020-02-19 16:02:21,827 INFO: 第273次 
2020-02-19 16:02:22,046 INFO: 检测[0]个口罩有货，[1]个口罩无货，[0]个口罩下柜，耗时[217]ms
2020-02-19 16:02:22,348 INFO: 第274次 
2020-02-19 16:02:22,636 INFO: 检测[0]个口罩有货，[1]个口罩无货，[0]个口罩下柜，耗时[287]ms
2020-02-19 16:02:22,838 INFO: 第275次 
2020-02-19 16:02:23,095 INFO: 检测[0]个口罩有货，[1]个口罩无货，[0]个口罩下柜，耗时[255]ms
2020-02-19 16:02:23,398 INFO: 第276次 
2020-02-19 16:02:23,694 INFO: 检测[0]个口罩有货，[1]个口罩无货，[0]个口罩下柜，耗时[295]ms
2020-02-19 16:02:23,798 INFO: 第277次 
2020-02-19 16:02:24,042 INFO: 检测[0]个口罩有货，[1]个口罩无货，[0]个口罩下柜，耗时[242]ms
2020-02-19 16:02:24,143 INFO: 第278次 
2020-02-19 16:02:24,365 INFO: 检测[0]个口罩有货，[1]个口罩无货，[0]个口罩下柜，耗时[221]ms
2020-02-19 16:02:24,567 INFO: 第279次 
2020-02-19 16:02:24,796 INFO: 检测[0]个口罩有货，[1]个口罩无货，[0]个口罩下柜，耗时[228]ms
2020-02-19 16:02:24,899 INFO: 第280次 
2020-02-19 16:02:25,125 INFO: 检测[0]个口罩有货，[1]个口罩无货，[0]个口罩下柜，耗时[225]ms
2020-02-19 16:02:25,327 INFO: 第281次 
2020-02-19 16:02:25,626 INFO: 检测[0]个口罩有货，[1]个口罩无货，[0]个口罩下柜，耗时[298]ms
2020-02-19 16:02:25,928 INFO: 第282次 
2020-02-19 16:02:26,241 INFO: 检测[0]个口罩有货，[1]个口罩无货，[0]个口罩下柜，耗时[312]ms
2020-02-19 16:02:26,342 INFO: 第283次 
2020-02-19 16:02:26,586 INFO: 检测[0]个口罩有货，[1]个口罩无货，[0]个口罩下柜，耗时[243]ms
2020-02-19 16:02:26,788 INFO: 第284次 
2020-02-19 16:02:27,005 INFO: 检测[0]个口罩有货，[1]个口罩无货，[0]个口罩下柜，耗时[216]ms
2020-02-19 16:02:27,107 INFO: 第285次 
2020-02-19 16:02:27,330 INFO: 检测[0]个口罩有货，[1]个口罩无货，[0]个口罩下柜，耗时[222]ms
2020-02-19 16:02:28,746 INFO: 第286次 
2020-02-19 16:02:28,973 INFO: 检测[0]个口罩有货，[1]个口罩无货，[0]个口罩下柜，耗时[226]ms
2020-02-19 16:02:29,175 INFO: 第287次 
2020-02-19 16:02:29,406 INFO: 检测[0]个口罩有货，[1]个口罩无货，[0]个口罩下柜，耗时[229]ms
2020-02-19 16:02:29,507 INFO: 第288次 
2020-02-19 16:02:29,741 INFO: 检测[0]个口罩有货，[1]个口罩无货，[0]个口罩下柜，耗时[233]ms
2020-02-19 16:02:30,043 INFO: 第289次 
2020-04-05 22:48:28,184 INFO: 当前是V3版本
2020-04-05 22:48:29,273 INFO: 登录成功
2020-04-05 22:48:29,748 INFO: 登录账号名称献涛勇
2020-04-05 22:48:29,749 INFO: 第1次 
2020-04-05 22:48:30,200 INFO: 检测[0]个口罩有货，[1]个口罩无货，[0]个口罩下柜，耗时[450]ms
2020-04-05 22:48:30,302 INFO: 第2次 
2020-04-05 22:48:30,832 INFO: 检测[0]个口罩有货，[1]个口罩无货，[0]个口罩下柜，耗时[528]ms
2020-04-05 22:48:30,934 INFO: 第3次 
2020-04-05 22:48:31,534 INFO: 检测[0]个口罩有货，[1]个口罩无货，[0]个口罩下柜，耗时[599]ms
2020-04-05 22:48:31,735 INFO: 第4次 
2020-04-05 22:48:32,149 INFO: 检测[0]个口罩有货，[1]个口罩无货，[0]个口罩下柜，耗时[413]ms
2020-04-05 22:48:32,251 INFO: 第5次 
2020-04-05 23:04:36,900 INFO: 当前是V3版本
2020-04-05 23:04:37,916 INFO: 登录成功
2020-04-05 23:04:38,339 INFO: 登录账号名称献涛勇
2020-04-05 23:05:06,959 INFO: 当前是V3版本
2020-04-05 23:05:08,161 INFO: 登录成功
2020-04-05 23:05:08,602 INFO: 登录账号名称献涛勇
2020-04-05 23:05:08,604 INFO: usernameJson{'nick': '献涛勇', 'info': '<a href="//home.jd.com" target="_blank" class="link-user">献涛勇</a>&nbsp;&nbsp;<a href="https://passport.jd.com/uc/login?ltype=logout" class="link-logout">退出</a>'}
2020-04-05 23:05:08,607 INFO: 第1次 
2020-04-05 23:05:09,130 INFO: 检测[0]个口罩有货，[1]个口罩无货，[0]个口罩下柜，耗时[522]ms
2020-04-05 23:35:54,248 INFO: 当前是V3版本
2020-04-05 23:35:55,784 INFO: 登录成功
2020-04-05 23:35:56,343 INFO: 登录账号名称献涛勇
2020-04-05 23:35:56,344 INFO: 第1次 
2020-04-05 23:35:56,889 INFO: 检测[0]个口罩有货，[1]个口罩无货，[0]个口罩下柜，耗时[537]ms
2020-04-05 23:35:57,725 INFO: 第2次 
2020-04-05 23:35:58,230 INFO: 检测[0]个口罩有货，[1]个口罩无货，[0]个口罩下柜，耗时[503]ms
2020-04-05 23:38:04,260 INFO: 当前是V3版本
2020-04-05 23:38:05,189 INFO: 登录成功
2020-04-05 23:38:05,523 INFO: 登录账号名称献涛勇
2020-04-05 23:38:05,524 INFO: 第1次 
2020-04-05 23:38:05,852 INFO: 检测[0]个口罩有货，[1]个口罩无货，[0]个口罩下柜，耗时[328]ms
2020-04-05 23:38:06,459 INFO: 第2次 
2020-04-05 23:40:55,993 INFO: 当前是V3版本
2020-04-05 23:40:56,998 INFO: 登录成功
2020-04-05 23:40:57,533 INFO: 登录账号名称献涛勇
2020-04-05 23:40:57,536 INFO: 第1次 
2020-04-05 23:40:58,146 INFO: 检测[0]个口罩有货，[1]个口罩无货，[0]个口罩下柜，耗时[608]ms
2020-04-05 23:40:58,927 INFO: 第2次 
2020-04-05 23:47:26,992 INFO: 当前是V3版本
2020-04-05 23:47:28,007 INFO: 登录成功
2020-04-05 23:47:28,594 INFO: 登录账号名称
2020-04-05 23:47:28,595 INFO: 第1次 
2020-04-05 23:47:29,133 INFO: 检测[0]个口罩有货，[1]个口罩无货，[0]个口罩下柜，耗时[537]ms
2020-04-05 23:47:29,647 INFO: 第2次 
2020-04-05 23:50:55,336 INFO: 当前是V3版本
2020-04-05 23:50:56,327 INFO: 登录成功
2020-04-05 23:50:56,876 INFO: 登录账号名称
2020-04-05 23:50:56,878 INFO: 第1次 
2020-04-05 23:50:57,593 INFO: 检测[0]个口罩有货，[1]个口罩无货，[0]个口罩下柜，耗时[715]ms
2020-04-05 23:50:58,513 INFO: 第2次 
2020-04-05 23:51:43,699 INFO: 当前是V3版本
2020-04-05 23:51:44,723 INFO: 登录成功
2020-04-05 23:51:45,201 INFO: 登录账号名称
2020-04-05 23:51:45,202 INFO: 第1次 
2020-04-05 23:51:45,572 INFO: 检测[0]个口罩有货，[1]个口罩无货，[0]个口罩下柜，耗时[363]ms
2020-04-05 23:52:39,123 INFO: 当前是V3版本
2020-04-05 23:52:40,026 INFO: 登录成功
2020-04-05 23:52:40,393 INFO: 登录账号名称
2020-04-05 23:52:40,397 INFO: 第1次 
2020-04-05 23:52:40,831 INFO: 检测[0]个口罩有货，[1]个口罩无货，[0]个口罩下柜，耗时[431]ms
2020-04-05 23:54:42,478 INFO: 当前是V3版本
2020-04-05 23:54:43,288 INFO: 登录成功
2020-04-05 23:54:43,850 INFO: 登录账号名称
2020-04-05 23:54:43,850 INFO: 第1次 
2020-04-05 23:54:44,318 INFO: 检测[0]个口罩有货，[1]个口罩无货，[0]个口罩下柜，耗时[468]ms
2020-04-05 23:56:19,405 INFO: 当前是V3版本
2020-04-05 23:56:20,570 INFO: 登录成功
2020-04-05 23:56:20,928 INFO: 登录账号名称
2020-04-05 23:56:20,930 INFO: 第1次 
2020-04-05 23:56:21,370 INFO: 检测[0]个口罩有货，[1]个口罩无货，[0]个口罩下柜，耗时[440]ms
2020-04-05 23:56:21,934 INFO: 第2次 
2020-04-06 00:02:20,488 INFO: 当前是V3版本
2020-04-06 00:02:21,456 INFO: 登录成功
2020-04-06 00:02:22,016 INFO: 登录账号名称
2020-04-06 00:02:22,017 INFO: 第1次 
2020-04-06 00:02:22,486 INFO: 检测[0]个口罩有货，[1]个口罩无货，[0]个口罩下柜，耗时[468]ms
2020-04-06 00:06:05,447 INFO: 当前是V3版本
2020-04-06 00:06:07,618 INFO: 登录成功
2020-04-06 00:06:08,116 INFO: 登录账号名称
2020-04-06 00:06:08,118 INFO: 第1次 
2020-04-06 00:06:08,503 INFO: 检测[0]个口罩有货，[1]个口罩无货，[0]个口罩下柜，耗时[384]ms
2020-04-06 00:06:29,058 INFO: 当前是V3版本
2020-04-06 00:06:50,848 INFO: 当前是V3版本
2020-04-06 00:06:51,985 INFO: 登录成功
2020-04-06 00:06:53,169 INFO: 登录账号名称
2020-04-06 00:06:53,170 INFO: 第1次 
2020-04-06 00:06:53,686 INFO: 检测[0]个口罩有货，[1]个口罩无货，[0]个口罩下柜，耗时[514]ms
2020-04-06 00:06:54,399 INFO: 账户信息：[]未登录
2020-04-06 00:08:44,816 INFO: 当前是V3版本
2020-04-06 00:09:01,497 INFO: 当前是V3版本
2020-04-06 00:09:03,863 INFO: 登录成功
2020-04-06 00:09:04,284 INFO: 登录账号名称
2020-04-06 00:09:04,286 INFO: 第1次 
2020-04-06 00:09:04,787 INFO: 检测[0]个口罩有货，[1]个口罩无货，[0]个口罩下柜，耗时[499]ms
2020-04-06 00:09:15,268 INFO: 第2次 
2020-04-06 00:09:15,649 INFO: 检测[0]个口罩有货，[1]个口罩无货，[0]个口罩下柜，耗时[380]ms
2020-04-06 00:09:19,460 INFO: 当前是V3版本
2020-04-06 00:09:20,221 INFO: 登录成功
2020-04-06 00:09:20,758 INFO: 登录账号名称
2020-04-06 00:09:20,758 INFO: 第1次 
2020-04-06 00:09:21,792 INFO: 检测[0]个口罩有货，[1]个口罩无货，[0]个口罩下柜，耗时[1033]ms
2020-04-06 00:09:22,144 INFO: 账户信息msg：{'UserInfo': {}, 'iRet': 9999, 'sErrMsg': '未登录'}
